[apply_bids] ПРЕ СТАРТ | 
[apply_bids] key_file | /var/www/mnogunik.ru/mng/db/config/keytableamunskow.json
[apply_bids] СТАРТ | coffee
/var/www/mnogunik.ru/mng/.venv/lib/python3.8/site-packages/google/auth/__init__.py:52: FutureWarning: You are using a Python version 3.8 past its end of life. Google will update google-auth with critical bug fixes on a best-effort basis, but not with any other fixes or features. Please upgrade your Python version, and then update google-auth.
  warnings.warn(eol_message.format("3.8"), FutureWarning)
/var/www/mnogunik.ru/mng/.venv/lib/python3.8/site-packages/google/oauth2/__init__.py:38: FutureWarning: You are using a Python version 3.8 past its end of life. Google will update google-auth with critical bug fixes on a best-effort basis, but not with any other fixes or features. Please upgrade your Python version, and then update google-auth.
  warnings.warn(eol_message.format("3.8"), FutureWarning)
[apply_bids] ФИЛЬТР 2-30: {'total': 29, 'already_da': 0, 'same_date': 0, 'no_avito': 29, 'no_bid': 0, 'to_do': 0}
[apply_bids] ГОТОВО | coffee | OK:0 ERR:29
[apply_bids] ПРЕ СТАРТ | 
[apply_bids] key_file | /var/www/mnogunik.ru/mng/db/config/keytableamunskow.json
[apply_bids] СТАРТ | coffee
/var/www/mnogunik.ru/mng/.venv/lib/python3.8/site-packages/google/auth/__init__.py:52: FutureWarning: You are using a Python version 3.8 past its end of life. Google will update google-auth with critical bug fixes on a best-effort basis, but not with any other fixes or features. Please upgrade your Python version, and then update google-auth.
  warnings.warn(eol_message.format("3.8"), FutureWarning)
/var/www/mnogunik.ru/mng/.venv/lib/python3.8/site-packages/google/oauth2/__init__.py:38: FutureWarning: You are using a Python version 3.8 past its end of life. Google will update google-auth with critical bug fixes on a best-effort basis, but not with any other fixes or features. Please upgrade your Python version, and then update google-auth.
  warnings.warn(eol_message.format("3.8"), FutureWarning)
[apply_bids] ФИЛЬТР 2-30: {'total': 29, 'already_da': 0, 'same_date': 0, 'no_avito': 29, 'no_bid': 0, 'to_do': 0}
[apply_bids] ГОТОВО | coffee | OK:0 ERR:29
[apply_bids] ПРЕ СТАРТ | 
[apply_bids] ПРЕ СТАРТ | 
[bids] ПРЕ СТАРТ | 
[bids] ПРЕ СТАРТ | Namespace(batch_size=20, client='coffee', ignore_date=True) 
[bids] ПРЕ СТАРТ | 
[bids] ПРЕ СТАРТ | Namespace(batch_size=20, client='coffee', ignore_date=True) 
[bids] ПРЕ СТАРТ | 
[bids] ПРЕ СТАРТ | Namespace(batch_size=20, client='coffee', ignore_date=True) 
[bids] ПРЕ СТАРТ | 
[bids] ПРЕ СТАРТ | Namespace(batch_size=20, client='coffee', ignore_date=True) 
[bids] key_file | /var/www/mnogunik.ru/mng/db/config/keytableamunskow.json
[bids] СТАРТ 2 | coffee
/var/www/mnogunik.ru/mng/.venv/lib/python3.8/site-packages/google/auth/__init__.py:52: FutureWarning: You are using a Python version 3.8 past its end of life. Google will update google-auth with critical bug fixes on a best-effort basis, but not with any other fixes or features. Please upgrade your Python version, and then update google-auth.
  warnings.warn(eol_message.format("3.8"), FutureWarning)
/var/www/mnogunik.ru/mng/.venv/lib/python3.8/site-packages/google/oauth2/__init__.py:38: FutureWarning: You are using a Python version 3.8 past its end of life. Google will update google-auth with critical bug fixes on a best-effort basis, but not with any other fixes or features. Please upgrade your Python version, and then update google-auth.
  warnings.warn(eol_message.format("3.8"), FutureWarning)
[bids] no_avito row=2 raw=''
[bids] no_avito row=3 raw=''
[bids] no_avito row=4 raw=''
[bids] ФИЛЬТР 2-30: {'total': 29, 'already_da': 0, 'same_date': 0, 'no_avito': 29, 'no_bid': 0, 'to_do': 0}
[bids] ГОТОВО | coffee | нечего применять (0 кандидатов)
[bids] ПРЕ СТАРТ | 
[bids] ПРЕ СТАРТ | Namespace(batch_size=20, client='coffee', ignore_date=True) 
[bids] key_file | /var/www/mnogunik.ru/mng/db/config/keytableamunskow.json
[bids] СТАРТ 2 | coffee
/var/www/mnogunik.ru/mng/.venv/lib/python3.8/site-packages/google/auth/__init__.py:52: FutureWarning: You are using a Python version 3.8 past its end of life. Google will update google-auth with critical bug fixes on a best-effort basis, but not with any other fixes or features. Please upgrade your Python version, and then update google-auth.
  warnings.warn(eol_message.format("3.8"), FutureWarning)
/var/www/mnogunik.ru/mng/.venv/lib/python3.8/site-packages/google/oauth2/__init__.py:38: FutureWarning: You are using a Python version 3.8 past its end of life. Google will update google-auth with critical bug fixes on a best-effort basis, but not with any other fixes or features. Please upgrade your Python version, and then update google-auth.
  warnings.warn(eol_message.format("3.8"), FutureWarning)
[bids] no_avito row=2 raw=''
[bids] no_avito row=3 raw=''
[bids] no_avito row=4 raw=''
[bids] ФИЛЬТР 2-30: {'total': 29, 'already_da': 0, 'same_date': 0, 'no_avito': 29, 'no_bid': 0, 'to_do': 0}
[bids] ГОТОВО | coffee | нечего применять (0 кандидатов)
[bids] ПРЕ СТАРТ | 
[bids] ПРЕ СТАРТ | Namespace(batch_size=20, client='coffee', ignore_date=True) 
[bids] key_file | /var/www/mnogunik.ru/mng/db/config/keytableamunskow.json
[bids] СТАРТ 2 | coffee
/var/www/mnogunik.ru/mng/.venv/lib/python3.8/site-packages/google/auth/__init__.py:52: FutureWarning: You are using a Python version 3.8 past its end of life. Google will update google-auth with critical bug fixes on a best-effort basis, but not with any other fixes or features. Please upgrade your Python version, and then update google-auth.
  warnings.warn(eol_message.format("3.8"), FutureWarning)
/var/www/mnogunik.ru/mng/.venv/lib/python3.8/site-packages/google/oauth2/__init__.py:38: FutureWarning: You are using a Python version 3.8 past its end of life. Google will update google-auth with critical bug fixes on a best-effort basis, but not with any other fixes or features. Please upgrade your Python version, and then update google-auth.
  warnings.warn(eol_message.format("3.8"), FutureWarning)
[bids] last_row равно 30
[bids] подходим к циклу | coffee | ignore_date=True
[bids] первая итерация цикла | start_row=2 last_row=30
[bids] no_avito row=2 raw=''
[bids] no_avito row=3 raw=''
[bids] no_avito row=4 raw=''
[bids] ФИЛЬТР 2-30: {'total': 29, 'already_da': 0, 'same_date': 0, 'no_avito': 29, 'no_bid': 0, 'to_do': 0}
[bids] ГОТОВО | coffee | нечего применять (0 кандидатов)
[bids] ПРЕ СТАРТ | 
[bids] ПРЕ СТАРТ | Namespace(batch_size=20, client='coffee', ignore_date=True) 
[bids] key_file | /var/www/mnogunik.ru/mng/db/config/keytableamunskow.json
[bids] СТАРТ 2 | coffee
/var/www/mnogunik.ru/mng/.venv/lib/python3.8/site-packages/google/auth/__init__.py:52: FutureWarning: You are using a Python version 3.8 past its end of life. Google will update google-auth with critical bug fixes on a best-effort basis, but not with any other fixes or features. Please upgrade your Python version, and then update google-auth.
  warnings.warn(eol_message.format("3.8"), FutureWarning)
/var/www/mnogunik.ru/mng/.venv/lib/python3.8/site-packages/google/oauth2/__init__.py:38: FutureWarning: You are using a Python version 3.8 past its end of life. Google will update google-auth with critical bug fixes on a best-effort basis, but not with any other fixes or features. Please upgrade your Python version, and then update google-auth.
  warnings.warn(eol_message.format("3.8"), FutureWarning)
[bids] last_row равно 30
[bids] подходим к циклу | coffee | ignore_date=True
[bids] начало итерации цикла | start_row=2 last_row=30
[bids] AvitoId  row=2
[bids] no_avito row=2 raw=''
[bids] AvitoId  row=3
[bids] no_avito row=3 raw=''
[bids] AvitoId  row=4
[bids] no_avito row=4 raw=''
[bids] AvitoId  row=5
[bids] AvitoId  row=6
[bids] AvitoId  row=7
[bids] AvitoId  row=8
[bids] AvitoId  row=9
[bids] AvitoId  row=10
[bids] AvitoId  row=11
[bids] AvitoId  row=12
[bids] AvitoId  row=13
[bids] AvitoId  row=14
[bids] AvitoId  row=15
[bids] AvitoId  row=16
[bids] AvitoId  row=17
[bids] AvitoId  row=18
[bids] AvitoId  row=19
[bids] AvitoId  row=20
[bids] AvitoId  row=21
[bids] AvitoId  row=22
[bids] AvitoId  row=23
[bids] AvitoId  row=24
[bids] AvitoId  row=25
[bids] AvitoId  row=26
[bids] AvitoId  row=27
[bids] AvitoId  row=28
[bids] AvitoId  row=29
[bids] AvitoId  row=30
[bids] ФИЛЬТР 2-30: {'total': 29, 'already_da': 0, 'same_date': 0, 'no_avito': 29, 'no_bid': 0, 'to_do': 0}
[bids] ГОТОВО | coffee | нечего применять (0 кандидатов)
[bids] ПРЕ СТАРТ | 
[bids] ПРЕ СТАРТ | Namespace(batch_size=20, client='coffee', ignore_date=True) 
[bids] key_file | /var/www/mnogunik.ru/mng/db/config/keytableamunskow.json
[bids] СТАРТ 2 | coffee
/var/www/mnogunik.ru/mng/.venv/lib/python3.8/site-packages/google/auth/__init__.py:52: FutureWarning: You are using a Python version 3.8 past its end of life. Google will update google-auth with critical bug fixes on a best-effort basis, but not with any other fixes or features. Please upgrade your Python version, and then update google-auth.
  warnings.warn(eol_message.format("3.8"), FutureWarning)
/var/www/mnogunik.ru/mng/.venv/lib/python3.8/site-packages/google/oauth2/__init__.py:38: FutureWarning: You are using a Python version 3.8 past its end of life. Google will update google-auth with critical bug fixes on a best-effort basis, but not with any other fixes or features. Please upgrade your Python version, and then update google-auth.
  warnings.warn(eol_message.format("3.8"), FutureWarning)
[bids] last_row равно 30
[bids] подходим к циклу | coffee | ignore_date=True
[bids] начало итерации цикла | start_row=2 last_row=30
[bids] AvitoId  row=2
[bids] no_avito row=2 raw=''
[bids] AvitoId  row=3
[bids] no_avito row=3 raw=''
[bids] AvitoId  row=4
[bids] no_avito row=4 raw=''
[bids] AvitoId  row=5
[bids] AvitoId  row=6
[bids] AvitoId  row=7
[bids] AvitoId  row=8
[bids] AvitoId  row=9
[bids] AvitoId  row=10
[bids] AvitoId  row=11
[bids] AvitoId  row=12
[bids] AvitoId  row=13
[bids] AvitoId  row=14
[bids] AvitoId  row=15
[bids] AvitoId  row=16
[bids] AvitoId  row=17
[bids] AvitoId  row=18
[bids] AvitoId  row=19
[bids] AvitoId  row=20
[bids] AvitoId  row=21
[bids] AvitoId  row=22
[bids] AvitoId  row=23
[bids] AvitoId  row=24
[bids] AvitoId  row=25
[bids] AvitoId  row=26
[bids] AvitoId  row=27
[bids] AvitoId  row=28
[bids] AvitoId  row=29
[bids] AvitoId  row=30
[bids] ФИЛЬТР 2-30: {'total': 29, 'already_da': 0, 'same_date': 0, 'no_avito': 29, 'no_bid': 0, 'to_do': 0}
[bids] ГОТОВО | coffee | нечего применять (0 кандидатов)
[bids] ПРЕ СТАРТ | 
[bids] ПРЕ СТАРТ | Namespace(batch_size=20, client='coffee', ignore_date=True) 
[bids] key_file | /var/www/mnogunik.ru/mng/db/config/keytableamunskow.json
[bids] СТАРТ 2 | coffee
/var/www/mnogunik.ru/mng/.venv/lib/python3.8/site-packages/google/auth/__init__.py:52: FutureWarning: You are using a Python version 3.8 past its end of life. Google will update google-auth with critical bug fixes on a best-effort basis, but not with any other fixes or features. Please upgrade your Python version, and then update google-auth.
  warnings.warn(eol_message.format("3.8"), FutureWarning)
/var/www/mnogunik.ru/mng/.venv/lib/python3.8/site-packages/google/oauth2/__init__.py:38: FutureWarning: You are using a Python version 3.8 past its end of life. Google will update google-auth with critical bug fixes on a best-effort basis, but not with any other fixes or features. Please upgrade your Python version, and then update google-auth.
  warnings.warn(eol_message.format("3.8"), FutureWarning)
[bids] last_row равно 30
[bids] подходим к циклу | coffee | ignore_date=True
[bids] начало итерации цикла | start_row=2 last_row=30
[bids] AvitoId  row=2
[bids] no_avito row=2 raw=''
[bids] AvitoId  row=3
[bids] no_avito row=3 raw=''
[bids] AvitoId  row=4
[bids] no_avito row=4 raw=''
[bids] AvitoId  row=5
[bids] AvitoId  row=6
[bids] AvitoId  row=7
[bids] AvitoId  row=8
[bids] AvitoId  row=9
[bids] AvitoId  row=10
[bids] AvitoId  row=11
[bids] AvitoId  row=12
[bids] AvitoId  row=13
[bids] AvitoId  row=14
[bids] AvitoId  row=15
[bids] AvitoId  row=16
[bids] AvitoId  row=17
[bids] AvitoId  row=18
[bids] AvitoId  row=19
[bids] AvitoId  row=20
[bids] AvitoId  row=21
[bids] AvitoId  row=22
[bids] AvitoId  row=23
[bids] AvitoId  row=24
[bids] AvitoId  row=25
[bids] AvitoId  row=26
[bids] AvitoId  row=27
[bids] AvitoId  row=28
[bids] AvitoId  row=29
[bids] AvitoId  row=30
[bids] ФИЛЬТР 2-30: {'total': 29, 'already_da': 0, 'same_date': 0, 'no_avito': 29, 'no_bid': 0, 'to_do': 0}
[bids] ГОТОВО | coffee | нечего применять (0 кандидатов)
[bids] ПРЕ СТАРТ | 
[bids] ПРЕ СТАРТ | Namespace(batch_size=20, client='coffee', ignore_date=True) 
[bids] key_file | /var/www/mnogunik.ru/mng/db/config/keytableamunskow.json
[bids] СТАРТ 2 | coffee
/var/www/mnogunik.ru/mng/.venv/lib/python3.8/site-packages/google/auth/__init__.py:52: FutureWarning: You are using a Python version 3.8 past its end of life. Google will update google-auth with critical bug fixes on a best-effort basis, but not with any other fixes or features. Please upgrade your Python version, and then update google-auth.
  warnings.warn(eol_message.format("3.8"), FutureWarning)
/var/www/mnogunik.ru/mng/.venv/lib/python3.8/site-packages/google/oauth2/__init__.py:38: FutureWarning: You are using a Python version 3.8 past its end of life. Google will update google-auth with critical bug fixes on a best-effort basis, but not with any other fixes or features. Please upgrade your Python version, and then update google-auth.
  warnings.warn(eol_message.format("3.8"), FutureWarning)
[bids] last_row равно 30
[bids] подходим к циклу | coffee | ignore_date=True
[bids] начало итерации цикла | start_row=2 last_row=30
[bids] AvitoId  row=2
[bids] no_avito row=2 raw=''
[bids] AvitoId  row=3
[bids] no_avito row=3 raw=''
[bids] AvitoId  row=4
[bids] no_avito row=4 raw=''
[bids] AvitoId  row=5
[bids] AvitoId  row=6
[bids] AvitoId  row=7
[bids] AvitoId  row=8
[bids] AvitoId  row=9
[bids] AvitoId  row=10
[bids] AvitoId  row=11
[bids] AvitoId  row=12
[bids] AvitoId  row=13
[bids] AvitoId  row=14
[bids] AvitoId  row=15
[bids] AvitoId  row=16
[bids] AvitoId  row=17
[bids] AvitoId  row=18
[bids] AvitoId  row=19
[bids] AvitoId  row=20
[bids] AvitoId  row=21
[bids] AvitoId  row=22
[bids] AvitoId  row=23
[bids] AvitoId  row=24
[bids] AvitoId  row=25
[bids] AvitoId  row=26
[bids] AvitoId  row=27
[bids] AvitoId  row=28
[bids] AvitoId  row=29
[bids] AvitoId  row=30
[bids] ФИЛЬТР 2-30: {'total': 29, 'already_da': 0, 'same_date': 0, 'no_avito': 29, 'no_bid': 0, 'to_do': 0}
[bids] ГОТОВО | coffee | нечего применять (0 кандидатов)
[bids] ПРЕ СТАРТ | 
[bids] ПРЕ СТАРТ | Namespace(batch_size=20, client='coffee', ignore_date=True) 
[bids] key_file | /var/www/mnogunik.ru/mng/db/config/keytableamunskow.json
[bids] СТАРТ 2 | coffee
/var/www/mnogunik.ru/mng/.venv/lib/python3.8/site-packages/google/auth/__init__.py:52: FutureWarning: You are using a Python version 3.8 past its end of life. Google will update google-auth with critical bug fixes on a best-effort basis, but not with any other fixes or features. Please upgrade your Python version, and then update google-auth.
  warnings.warn(eol_message.format("3.8"), FutureWarning)
/var/www/mnogunik.ru/mng/.venv/lib/python3.8/site-packages/google/oauth2/__init__.py:38: FutureWarning: You are using a Python version 3.8 past its end of life. Google will update google-auth with critical bug fixes on a best-effort basis, but not with any other fixes or features. Please upgrade your Python version, and then update google-auth.
  warnings.warn(eol_message.format("3.8"), FutureWarning)
[bids] last_row равно 30
[bids] подходим к циклу | coffee | ignore_date=True
[bids] начало итерации цикла | start_row=2 last_row=30
[bids] AvitoId  row=2
[bids] no_avito row=2 raw=''
[bids] AvitoId  row=3
[bids] no_avito row=3 raw=''
[bids] AvitoId  row=4
[bids] no_avito row=4 raw=''
[bids] AvitoId  row=5
[bids] AvitoId  row=6
[bids] AvitoId  row=7
[bids] AvitoId  row=8
[bids] AvitoId  row=9
[bids] AvitoId  row=10
[bids] AvitoId  row=11
[bids] AvitoId  row=12
[bids] AvitoId  row=13
[bids] AvitoId  row=14
[bids] AvitoId  row=15
[bids] AvitoId  row=16
[bids] AvitoId  row=17
[bids] AvitoId  row=18
[bids] AvitoId  row=19
[bids] AvitoId  row=20
[bids] AvitoId  row=21
[bids] AvitoId  row=22
[bids] AvitoId  row=23
[bids] AvitoId  row=24
[bids] AvitoId  row=25
[bids] AvitoId  row=26
[bids] AvitoId  row=27
[bids] AvitoId  row=28
[bids] AvitoId  row=29
[bids] AvitoId  row=30
[bids] ФИЛЬТР 2-30: {'total': 29, 'already_da': 0, 'same_date': 0, 'no_avito': 29, 'no_bid': 0, 'to_do': 0}
[bids] ГОТОВО | coffee | нечего применять (0 кандидатов)
[bids] ПРЕ СТАРТ | 
[bids] ПРЕ СТАРТ | Namespace(batch_size=20, client='coffee', ignore_date=True) 
[bids] key_file | /var/www/mnogunik.ru/mng/db/config/keytableamunskow.json
[bids] СТАРТ 2 | coffee
/var/www/mnogunik.ru/mng/.venv/lib/python3.8/site-packages/google/auth/__init__.py:52: FutureWarning: You are using a Python version 3.8 past its end of life. Google will update google-auth with critical bug fixes on a best-effort basis, but not with any other fixes or features. Please upgrade your Python version, and then update google-auth.
  warnings.warn(eol_message.format("3.8"), FutureWarning)
/var/www/mnogunik.ru/mng/.venv/lib/python3.8/site-packages/google/oauth2/__init__.py:38: FutureWarning: You are using a Python version 3.8 past its end of life. Google will update google-auth with critical bug fixes on a best-effort basis, but not with any other fixes or features. Please upgrade your Python version, and then update google-auth.
  warnings.warn(eol_message.format("3.8"), FutureWarning)
[bids] last_row равно 30
[bids] подходим к циклу | coffee | ignore_date=True
[bids] начало итерации цикла | start_row=2 last_row=30
[bids] Чтение строки | row=2 AvitoId= Ставка= Лимит= !Применил= дата применения=14.04
[bids] Чтение строки | row=3 AvitoId= Ставка= Лимит= !Применил=568 дата применения=14.04
[bids] Чтение строки | row=4 AvitoId= Ставка= Лимит= !Применил=35 дата применения=14.04
[bids] Чтение строки | row=5 AvitoId= Ставка= Лимит= !Применил=3 дата применения=14.04
[bids] Чтение строки | row=6 AvitoId= Ставка= Лимит= !Применил=3 дата применения=14.04
[bids] Чтение строки | row=7 AvitoId= Ставка= Лимит= !Применил=83 дата применения=14.04
[bids] Чтение строки | row=8 AvitoId= Ставка= Лимит= !Применил=0 дата применения=14.04
[bids] Чтение строки | row=9 AvitoId= Ставка= Лимит= !Применил=8 дата применения=14.04
[bids] Чтение строки | row=10 AvitoId= Ставка= Лимит= !Применил=49 дата применения=14.04
[bids] Чтение строки | row=11 AvitoId= Ставка= Лимит= !Применил=14 дата применения=14.04
[bids] Чтение строки | row=12 AvitoId= Ставка= Лимит= !Применил=5 дата применения=14.04
[bids] Чтение строки | row=13 AvitoId= Ставка= Лимит= !Применил=0 дата применения=14.04
[bids] Чтение строки | row=14 AvitoId= Ставка= Лимит= !Применил=0 дата применения=14.04
[bids] Чтение строки | row=15 AvitoId= Ставка= Лимит= !Применил=0 дата применения=14.04
[bids] Чтение строки | row=16 AvitoId= Ставка= Лимит= !Применил=0 дата применения=14.04
[bids] Чтение строки | row=17 AvitoId= Ставка= Лимит= !Применил=1 дата применения=14.04
[bids] Чтение строки | row=18 AvitoId= Ставка= Лимит= !Применил=7 дата применения=14.04
[bids] Чтение строки | row=19 AvitoId= Ставка= Лимит= !Применил=19 дата применения=14.04
[bids] Чтение строки | row=20 AvitoId= Ставка= Лимит= !Применил=4 дата применения=14.04
[bids] Чтение строки | row=21 AvitoId= Ставка= Лимит= !Применил=0 дата применения=14.04
[bids] Чтение строки | row=22 AvitoId= Ставка= Лимит= !Применил=0 дата применения=14.04
[bids] Чтение строки | row=23 AvitoId= Ставка= Лимит= !Применил=0 дата применения=14.04
[bids] Чтение строки | row=24 AvitoId= Ставка= Лимит= !Применил=0 дата применения=14.04
[bids] Чтение строки | row=25 AvitoId= Ставка= Лимит= !Применил=20 дата применения=14.04
[bids] Чтение строки | row=26 AvitoId= Ставка= Лимит= !Применил=2 дата применения=14.04
[bids] Чтение строки | row=27 AvitoId= Ставка= Лимит= !Применил=5 дата применения=14.04
[bids] Чтение строки | row=28 AvitoId= Ставка= Лимит= !Применил=0 дата применения=14.04
[bids] Чтение строки | row=29 AvitoId= Ставка= Лимит= !Применил=0 дата применения=14.04
[bids] Чтение строки | row=30 AvitoId= Ставка= Лимит= !Применил=0 дата применения=14.04
[bids] AvitoId  row=2
[bids] no_avito row=2 raw=''
[bids] AvitoId  row=3
[bids] no_avito row=3 raw=''
[bids] AvitoId  row=4
[bids] no_avito row=4 raw=''
[bids] AvitoId  row=5
[bids] AvitoId  row=6
[bids] AvitoId  row=7
[bids] AvitoId  row=8
[bids] AvitoId  row=9
[bids] AvitoId  row=10
[bids] AvitoId  row=11
[bids] AvitoId  row=12
[bids] AvitoId  row=13
[bids] AvitoId  row=14
[bids] AvitoId  row=15
[bids] AvitoId  row=16
[bids] AvitoId  row=17
[bids] AvitoId  row=18
[bids] AvitoId  row=19
[bids] AvitoId  row=20
[bids] AvitoId  row=21
[bids] AvitoId  row=22
[bids] AvitoId  row=23
[bids] AvitoId  row=24
[bids] AvitoId  row=25
[bids] AvitoId  row=26
[bids] AvitoId  row=27
[bids] AvitoId  row=28
[bids] AvitoId  row=29
[bids] AvitoId  row=30
[bids] ФИЛЬТР 2-30: {'total': 29, 'already_da': 0, 'same_date': 0, 'no_avito': 29, 'no_bid': 0, 'to_do': 0}
[bids] ГОТОВО | coffee | нечего применять (0 кандидатов)
[bids] ПРЕ СТАРТ | 
[bids] ПРЕ СТАРТ | Namespace(batch_size=20, client='coffee', ignore_date=True) 
[bids] key_file | /var/www/mnogunik.ru/mng/db/config/keytableamunskow.json
[bids] СТАРТ 2 | coffee
/var/www/mnogunik.ru/mng/.venv/lib/python3.8/site-packages/google/auth/__init__.py:52: FutureWarning: You are using a Python version 3.8 past its end of life. Google will update google-auth with critical bug fixes on a best-effort basis, but not with any other fixes or features. Please upgrade your Python version, and then update google-auth.
  warnings.warn(eol_message.format("3.8"), FutureWarning)
/var/www/mnogunik.ru/mng/.venv/lib/python3.8/site-packages/google/oauth2/__init__.py:38: FutureWarning: You are using a Python version 3.8 past its end of life. Google will update google-auth with critical bug fixes on a best-effort basis, but not with any other fixes or features. Please upgrade your Python version, and then update google-auth.
  warnings.warn(eol_message.format("3.8"), FutureWarning)
[bids] last_row равно 30
[bids] подходим к циклу | coffee | ignore_date=True
[bids] начало итерации цикла | start_row=2 last_row=30
[bids] Чтение строки | row=2 AvitoId= Ставка= Лимит= !Применил= дата применения=14.04
[bids] Чтение строки | row=3 AvitoId= Ставка= Лимит= !Применил=568 дата применения=14.04
[bids] Чтение строки | row=4 AvitoId= Ставка= Лимит= !Применил=35 дата применения=14.04
[bids] Чтение строки | row=5 AvitoId= Ставка= Лимит= !Применил=3 дата применения=14.04
[bids] Чтение строки | row=6 AvitoId= Ставка= Лимит= !Применил=3 дата применения=14.04
[bids] Чтение строки | row=7 AvitoId= Ставка= Лимит= !Применил=83 дата применения=14.04
[bids] Чтение строки | row=8 AvitoId= Ставка= Лимит= !Применил=0 дата применения=14.04
[bids] Чтение строки | row=9 AvitoId= Ставка= Лимит= !Применил=8 дата применения=14.04
[bids] Чтение строки | row=10 AvitoId= Ставка= Лимит= !Применил=49 дата применения=14.04
[bids] Чтение строки | row=11 AvitoId= Ставка= Лимит= !Применил=14 дата применения=14.04
[bids] Чтение строки | row=12 AvitoId= Ставка= Лимит= !Применил=5 дата применения=14.04
[bids] Чтение строки | row=13 AvitoId= Ставка= Лимит= !Применил=0 дата применения=14.04
[bids] Чтение строки | row=14 AvitoId= Ставка= Лимит= !Применил=0 дата применения=14.04
[bids] Чтение строки | row=15 AvitoId= Ставка= Лимит= !Применил=0 дата применения=14.04
[bids] Чтение строки | row=16 AvitoId= Ставка= Лимит= !Применил=0 дата применения=14.04
[bids] Чтение строки | row=17 AvitoId= Ставка= Лимит= !Применил=1 дата применения=14.04
[bids] Чтение строки | row=18 AvitoId= Ставка= Лимит= !Применил=7 дата применения=14.04
[bids] Чтение строки | row=19 AvitoId= Ставка= Лимит= !Применил=19 дата применения=14.04
[bids] Чтение строки | row=20 AvitoId= Ставка= Лимит= !Применил=4 дата применения=14.04
[bids] Чтение строки | row=21 AvitoId= Ставка= Лимит= !Применил=0 дата применения=14.04
[bids] Чтение строки | row=22 AvitoId= Ставка= Лимит= !Применил=0 дата применения=14.04
[bids] Чтение строки | row=23 AvitoId= Ставка= Лимит= !Применил=0 дата применения=14.04
[bids] Чтение строки | row=24 AvitoId= Ставка= Лимит= !Применил=0 дата применения=14.04
[bids] Чтение строки | row=25 AvitoId= Ставка= Лимит= !Применил=20 дата применения=14.04
[bids] Чтение строки | row=26 AvitoId= Ставка= Лимит= !Применил=2 дата применения=14.04
[bids] Чтение строки | row=27 AvitoId= Ставка= Лимит= !Применил=5 дата применения=14.04
[bids] Чтение строки | row=28 AvitoId= Ставка= Лимит= !Применил=0 дата применения=14.04
[bids] Чтение строки | row=29 AvitoId= Ставка= Лимит= !Применил=0 дата применения=14.04
[bids] Чтение строки | row=30 AvitoId= Ставка= Лимит= !Применил=0 дата применения=14.04
[bids] AvitoId  row=2
[bids] no_avito row=2 raw=''
[bids] AvitoId  row=3
[bids] no_avito row=3 raw=''
[bids] AvitoId  row=4
[bids] no_avito row=4 raw=''
[bids] AvitoId  row=5
[bids] AvitoId  row=6
[bids] AvitoId  row=7
[bids] AvitoId  row=8
[bids] AvitoId  row=9
[bids] AvitoId  row=10
[bids] AvitoId  row=11
[bids] AvitoId  row=12
[bids] AvitoId  row=13
[bids] AvitoId  row=14
[bids] AvitoId  row=15
[bids] AvitoId  row=16
[bids] AvitoId  row=17
[bids] AvitoId  row=18
[bids] AvitoId  row=19
[bids] AvitoId  row=20
[bids] AvitoId  row=21
[bids] AvitoId  row=22
[bids] AvitoId  row=23
[bids] AvitoId  row=24
[bids] AvitoId  row=25
[bids] AvitoId  row=26
[bids] AvitoId  row=27
[bids] AvitoId  row=28
[bids] AvitoId  row=29
[bids] AvitoId  row=30
[bids] ФИЛЬТР 2-30: {'total': 29, 'already_da': 0, 'same_date': 0, 'no_avito': 29, 'no_bid': 0, 'to_do': 0}
[bids] ГОТОВО | coffee | нечего применять (0 кандидатов)
[bids] ПРЕ СТАРТ | 
[bids] ПРЕ СТАРТ | Namespace(batch_size=20, client='coffee', ignore_date=True) 
[bids] key_file | /var/www/mnogunik.ru/mng/db/config/keytableamunskow.json
[bids] СТАРТ 2 | coffee
/var/www/mnogunik.ru/mng/.venv/lib/python3.8/site-packages/google/auth/__init__.py:52: FutureWarning: You are using a Python version 3.8 past its end of life. Google will update google-auth with critical bug fixes on a best-effort basis, but not with any other fixes or features. Please upgrade your Python version, and then update google-auth.
  warnings.warn(eol_message.format("3.8"), FutureWarning)
/var/www/mnogunik.ru/mng/.venv/lib/python3.8/site-packages/google/oauth2/__init__.py:38: FutureWarning: You are using a Python version 3.8 past its end of life. Google will update google-auth with critical bug fixes on a best-effort basis, but not with any other fixes or features. Please upgrade your Python version, and then update google-auth.
  warnings.warn(eol_message.format("3.8"), FutureWarning)
[bids] last_row равно 36
[bids] подходим к циклу | coffee | ignore_date=True
[bids] начало итерации цикла | start_row=2 last_row=36
[bids] AvitoId 7811815861 row=2
[bids] AvitoId 8035421536 row=3
[bids] AvitoId 8035200292 row=4
[bids] AvitoId 8034979055 row=5
[bids] AvitoId 8034933626 row=6
[bids] AvitoId 8034969748 row=7
[bids] AvitoId 8035169034 row=8
[bids] AvitoId 8035130375 row=9
[bids] AvitoId 8035741310 row=10
[bids] AvitoId 8035887716 row=11
[bids] AvitoId 8035242025 row=12
[bids] AvitoId 8035101673 row=13
[bids] AvitoId 8034984713 row=14
[bids] AvitoId 8035691700 row=15
[bids] AvitoId 8035148919 row=16
[bids] AvitoId 8035114736 row=17
[bids] AvitoId 8034957187 row=18
[bids] AvitoId 8035369188 row=19
[bids] AvitoId 8034993818 row=20
[bids] AvitoId 8035605379 row=21
[bids] AvitoId 8035400442 row=22
[bids] AvitoId 8035859372 row=23
[bids] AvitoId 8035698786 row=24
[bids] AvitoId 8035139496 row=25
[bids] AvitoId 8035043874 row=26
[bids] AvitoId 8034977708 row=27
[bids] AvitoId 8035057407 row=28
[bids] AvitoId 8035848846 row=29
[bids] AvitoId 8035261433 row=30
[bids] AvitoId 8034916271 row=31
[bids] AvitoId 8035071477 row=32
[bids] AvitoId 8035216048 row=33
[bids] AvitoId 8035271871 row=34
[bids] AvitoId 8035594859 row=35
[bids] AvitoId 8035215343 row=36
[bids] ФИЛЬТР 2-36: {'total': 35, 'already_da': 0, 'same_date': 0, 'no_avito': 0, 'no_bid': 0, 'to_do': 35}
[bids] Сброс !Применил/дата для 2 строк
Ошибка GET: 429 Client Error: Too Many Requests for url: https://api.avito.ru/cpxpromo/1/getBids/8035400442
[1/3] Сервер 429, пауза 2с
[2/3] Сервер 429, пауза 4с
[3/3] Сервер 429, пауза 8с
❌ Все попытки исчерпаны
Ошибка GET: 429 Client Error: Too Many Requests for url: https://api.avito.ru/cpxpromo/1/getBids/8035859372
[1/3] Сервер 429, пауза 2с
[2/3] Сервер 429, пауза 4с
[3/3] Сервер 429, пауза 8с
❌ Все попытки исчерпаны
Ошибка GET: 429 Client Error: Too Many Requests for url: https://api.avito.ru/cpxpromo/1/getBids/8035698786
[1/3] Сервер 429, пауза 2с
[2/3] Сервер 429, пауза 4с
[3/3] Сервер 429, пауза 8с
❌ Все попытки исчерпаны
Ошибка GET: 429 Client Error: Too Many Requests for url: https://api.avito.ru/cpxpromo/1/getBids/8035139496
[1/3] Сервер 429, пауза 2с
[1/3] Сервер 429, пауза 2с
[2/3] Сервер 429, пауза 4с
Ошибка GET: 400 Client Error: Bad Request for url: https://api.avito.ru/cpxpromo/1/getBids/8034916271
Ошибка 400: {"message":"Не получится подключить продвижение. Подробности — в документации к API"}

[bids] ГОТОВО | coffee | taken=35 OK=31 ERR=4 SKIP=0
[bids] ПРЕ СТАРТ | 
[bids] ПРЕ СТАРТ | Namespace(batch_size=20, client='coffee', ignore_date=True) 
[bids] key_file | /var/www/mnogunik.ru/mng/db/config/keytableamunskow.json
[bids] СТАРТ 2 | coffee
/var/www/mnogunik.ru/mng/.venv/lib/python3.8/site-packages/google/auth/__init__.py:52: FutureWarning: You are using a Python version 3.8 past its end of life. Google will update google-auth with critical bug fixes on a best-effort basis, but not with any other fixes or features. Please upgrade your Python version, and then update google-auth.
  warnings.warn(eol_message.format("3.8"), FutureWarning)
/var/www/mnogunik.ru/mng/.venv/lib/python3.8/site-packages/google/oauth2/__init__.py:38: FutureWarning: You are using a Python version 3.8 past its end of life. Google will update google-auth with critical bug fixes on a best-effort basis, but not with any other fixes or features. Please upgrade your Python version, and then update google-auth.
  warnings.warn(eol_message.format("3.8"), FutureWarning)
[bids] last_row равно 129
[bids] подходим к циклу | coffee | ignore_date=True
[bids] начало итерации цикла | start_row=2 last_row=129
[bids] AvitoId 7811815861 row=2
[bids] AvitoId 8035421536 row=3
[bids] AvitoId 8035200292 row=4
[bids] AvitoId 8034979055 row=5
[bids] AvitoId 8034933626 row=6
[bids] AvitoId 8034969748 row=7
[bids] AvitoId 8035169034 row=8
[bids] AvitoId 8035130375 row=9
[bids] AvitoId 8035741310 row=10
[bids] AvitoId 8035887716 row=11
[bids] AvitoId 8035242025 row=12
[bids] AvitoId 8035101673 row=13
[bids] AvitoId 8034984713 row=14
[bids] AvitoId 8035691700 row=15
[bids] AvitoId 8035148919 row=16
[bids] AvitoId 8035114736 row=17
[bids] AvitoId 8034957187 row=18
[bids] AvitoId 8035369188 row=19
[bids] AvitoId 8034993818 row=20
[bids] AvitoId 8035605379 row=21
[bids] AvitoId 8035400442 row=22
[bids] AvitoId 8035859372 row=23
[bids] AvitoId 8035698786 row=24
[bids] AvitoId 8035139496 row=25
[bids] AvitoId 8035043874 row=26
[bids] AvitoId 8034977708 row=27
[bids] AvitoId 8035057407 row=28
[bids] AvitoId 8035848846 row=29
[bids] AvitoId 8035261433 row=30
[bids] AvitoId 8034916271 row=31
[bids] AvitoId 8035071477 row=32
[bids] AvitoId 8035216048 row=33
[bids] AvitoId 8035271871 row=34
[bids] AvitoId 8035594859 row=35
[bids] AvitoId 8035215343 row=36
[bids] AvitoId 8035446433 row=37
[bids] AvitoId 8035267737 row=38
[bids] AvitoId 8035067892 row=39
[bids] AvitoId 8034989645 row=40
[bids] AvitoId 8035190202 row=41
[bids] AvitoId 8035006333 row=42
[bids] AvitoId 8035635989 row=43
[bids] AvitoId 8035736535 row=44
[bids] AvitoId 8034982141 row=45
[bids] AvitoId 8035401189 row=46
[bids] AvitoId 8035281695 row=47
[bids] AvitoId 8035785907 row=48
[bids] AvitoId 8035654911 row=49
[bids] AvitoId 8035247752 row=50
[bids] AvitoId 8035450770 row=51
[bids] AvitoId 8035575536 row=52
[bids] AvitoId 8035640869 row=53
[bids] AvitoId 8035518607 row=54
[bids] AvitoId 8035369379 row=55
[bids] AvitoId 8035288479 row=56
[bids] AvitoId 8034981764 row=57
[bids] AvitoId 8035803137 row=58
[bids] AvitoId 8035557296 row=59
[bids] AvitoId 8035066842 row=60
[bids] AvitoId 8035452535 row=61
[bids] AvitoId 8035572832 row=62
[bids] AvitoId 8035839058 row=63
[bids] AvitoId 8035879483 row=64
[bids] AvitoId 8035200087 row=65
[bids] AvitoId 8035089849 row=66
[bids] AvitoId 8035897954 row=67
[bids] AvitoId 8035883554 row=68
[bids] AvitoId 8034918282 row=69
[bids] AvitoId 8035681543 row=70
[bids] AvitoId 8035022570 row=71
[bids] AvitoId 8035709639 row=72
[bids] AvitoId 8035050701 row=73
[bids] AvitoId 8035625282 row=74
[bids] AvitoId 8035078138 row=75
[bids] AvitoId 8035817827 row=76
[bids] AvitoId 8035248432 row=77
[bids] AvitoId 8035685552 row=78
[bids] AvitoId 8035818055 row=79
[bids] AvitoId 8035685552 row=80
[bids] AvitoId 8035818055 row=81
[bids] AvitoId 8034932894 row=82
[bids] AvitoId 8035401521 row=83
[bids] AvitoId 8035389776 row=84
[bids] AvitoId 8035781308 row=85
[bids] AvitoId 8035483591 row=86
[bids] AvitoId 8035464479 row=87
[bids] AvitoId 8035761187 row=88
[bids] AvitoId 8034970454 row=89
[bids] AvitoId 8035869676 row=90
[bids] AvitoId 8035590864 row=91
[bids] AvitoId 8035071144 row=92
[bids] AvitoId 8035753842 row=93
[bids] AvitoId 8035746701 row=94
[bids] AvitoId 8035537516 row=95
[bids] AvitoId 8035882698 row=96
[bids] AvitoId 8035854347 row=97
[bids] AvitoId 8035272396 row=98
[bids] AvitoId 8035159732 row=99
[bids] AvitoId 8035070573 row=100
[bids] AvitoId 8035835216 row=101
[bids] AvitoId 8034992569 row=102
[bids] AvitoId 8035424327 row=103
[bids] AvitoId 8035636375 row=104
[bids] AvitoId 8035577695 row=105
[bids] AvitoId 8035167291 row=106
[bids] AvitoId 8035670909 row=107
[bids] AvitoId 8035326563 row=108
[bids] AvitoId 8035044115 row=109
[bids] AvitoId 8035768405 row=110
[bids] AvitoId 8035730362 row=111
[bids] AvitoId 8035092199 row=112
[bids] AvitoId 8035457346 row=113
[bids] AvitoId 8035690547 row=114
[bids] AvitoId 8034946889 row=115
[bids] AvitoId 8035040986 row=116
[bids] AvitoId 8035208130 row=117
[bids] AvitoId 8035232285 row=118
[bids] AvitoId 8035329037 row=119
[bids] AvitoId 8035771098 row=120
[bids] AvitoId 8035166726 row=121
[bids] AvitoId 8035806891 row=122
[bids] AvitoId 8035276983 row=123
[bids] AvitoId 8035334702 row=124
[bids] AvitoId 8035257131 row=125
[bids] AvitoId 8035275940 row=126
[bids] AvitoId 8035269543 row=127
[bids] AvitoId 8035361466 row=128
[bids] AvitoId 8035519819 row=129
[bids] ФИЛЬТР 2-129: {'total': 128, 'already_da': 0, 'same_date': 0, 'no_avito': 0, 'no_bid': 0, 'to_do': 128}
[bids] Сброс !Применил/дата для 32 строк
Ошибка 400: {"message":"Сумма в строке bidPenny должна быть кратна рублю"}

Ошибка 400: {"message":"Сумма в строке bidPenny должна быть кратна рублю"}

Ошибка 400: {"message":"Сумма в строке bidPenny должна быть кратна рублю"}

Ошибка 400: {"message":"Сумма в строке bidPenny должна быть кратна рублю"}

Ошибка 400: {"message":"Сумма в строке bidPenny должна быть кратна рублю"}

Ошибка 400: {"message":"Сумма в строке bidPenny должна быть кратна рублю"}

Ошибка 400: {"message":"Сумма в строке bidPenny должна быть кратна рублю"}

Ошибка 400: {"message":"Сумма в строке bidPenny должна быть кратна рублю"}

Ошибка 400: {"message":"Сумма в строке bidPenny должна быть кратна рублю"}

Ошибка 400: {"message":"Сумма в строке bidPenny должна быть кратна рублю"}

Ошибка 400: {"message":"Сумма в строке bidPenny должна быть кратна рублю"}

Ошибка 400: {"message":"Сумма в строке bidPenny должна быть кратна рублю"}

Ошибка 400: {"message":"Сумма в строке bidPenny должна быть кратна рублю"}

Ошибка 400: {"message":"Сумма в строке bidPenny должна быть кратна рублю"}

Ошибка 400: {"message":"Сумма в строке bidPenny должна быть кратна рублю"}

Ошибка GET: 429 Client Error: Too Many Requests for url: https://api.avito.ru/cpxpromo/1/getBids/8035400442
[1/3] Сервер 429, пауза 2с
[2/3] Сервер 429, пауза 4с
[3/3] Сервер 429, пауза 8с
❌ Все попытки исчерпаны
Ошибка GET: 429 Client Error: Too Many Requests for url: https://api.avito.ru/cpxpromo/1/getBids/8035859372
[1/3] Сервер 429, пауза 2с
[2/3] Сервер 429, пауза 4с
[3/3] Сервер 429, пауза 8с
❌ Все попытки исчерпаны
Ошибка GET: 429 Client Error: Too Many Requests for url: https://api.avito.ru/cpxpromo/1/getBids/8035698786
[1/3] Сервер 429, пауза 2с
[2/3] Сервер 429, пауза 4с
[3/3] Сервер 429, пауза 8с
❌ Все попытки исчерпаны
Ошибка GET: 429 Client Error: Too Many Requests for url: https://api.avito.ru/cpxpromo/1/getBids/8035139496
[1/3] Сервер 429, пауза 2с
[2/3] Сервер 429, пауза 4с
[3/3] Сервер 429, пауза 8с
❌ Все попытки исчерпаны
Ошибка 400: {"message":"Сумма в строке bidPenny должна быть кратна рублю"}

Ошибка 400: {"message":"Сумма в строке bidPenny должна быть кратна рублю"}

Ошибка 400: {"message":"Сумма в строке bidPenny должна быть кратна рублю"}

Ошибка 400: {"message":"Сумма в строке bidPenny должна быть кратна рублю"}

Ошибка 400: {"message":"Сумма в строке bidPenny должна быть кратна рублю"}

Ошибка GET: 400 Client Error: Bad Request for url: https://api.avito.ru/cpxpromo/1/getBids/8034916271
Ошибка 400: {"message":"Не получится подключить продвижение. Подробности — в документации к API"}

Ошибка 400: {"message":"Сумма в строке bidPenny должна быть кратна рублю"}

Ошибка 400: {"message":"Сумма в строке bidPenny должна быть кратна рублю"}

Ошибка 400: {"message":"Сумма в строке bidPenny должна быть кратна рублю"}

Ошибка 400: {"message":"Сумма в строке bidPenny должна быть кратна рублю"}

Ошибка 400: {"message":"Сумма в строке bidPenny должна быть кратна рублю"}

Ошибка 400: {"message":"Сумма в строке bidPenny должна быть кратна рублю"}

Ошибка 400: {"message":"Сумма в строке bidPenny должна быть кратна рублю"}

Ошибка 400: {"message":"Сумма в строке bidPenny должна быть кратна рублю"}

Ошибка 400: {"message":"Сумма в строке bidPenny должна быть кратна рублю"}

Ошибка 400: {"message":"Сумма в строке bidPenny должна быть кратна рублю"}

Ошибка GET: 400 Client Error: Bad Request for url: https://api.avito.ru/cpxpromo/1/getBids/8035006333
Ошибка 400: {"message":"Не получится подключить продвижение. Подробности — в документации к API"}

Ошибка 400: {"message":"Сумма в строке bidPenny должна быть кратна рублю"}

Ошибка 400: {"message":"Сумма в строке bidPenny должна быть кратна рублю"}

Ошибка 400: {"message":"Сумма в строке bidPenny должна быть кратна рублю"}

Ошибка GET: 429 Client Error: Too Many Requests for url: https://api.avito.ru/cpxpromo/1/getBids/8035401189
[1/3] Сервер 429, пауза 2с
[2/3] Сервер 429, пауза 4с
[3/3] Сервер 429, пауза 8с
❌ Все попытки исчерпаны
Ошибка GET: 429 Client Error: Too Many Requests for url: https://api.avito.ru/cpxpromo/1/getBids/8035281695
[1/3] Сервер 429, пауза 2с
[2/3] Сервер 429, пауза 4с
[3/3] Сервер 429, пауза 8с
❌ Все попытки исчерпаны
Ошибка GET: 429 Client Error: Too Many Requests for url: https://api.avito.ru/cpxpromo/1/getBids/8035785907
[1/3] Сервер 429, пауза 2с
[2/3] Сервер 429, пауза 4с
[3/3] Сервер 429, пауза 8с
❌ Все попытки исчерпаны
Ошибка GET: 429 Client Error: Too Many Requests for url: https://api.avito.ru/cpxpromo/1/getBids/8035654911
[1/3] Сервер 429, пауза 2с
Ошибка 400: {"message":"Неизвестная ошибка"}

Ошибка 400: {"message":"Сумма в строке bidPenny должна быть кратна рублю"}

Ошибка 400: {"message":"Сумма в строке bidPenny должна быть кратна рублю"}

Ошибка 400: {"message":"Сумма в строке bidPenny должна быть кратна рублю"}

Ошибка 400: {"message":"Сумма в строке bidPenny должна быть кратна рублю"}

Ошибка 400: {"message":"Сумма в строке bidPenny должна быть кратна рублю"}

Ошибка 400: {"message":"Сумма в строке bidPenny должна быть кратна рублю"}

Ошибка 400: {"message":"Сумма в строке bidPenny должна быть кратна рублю"}

Ошибка 400: {"message":"Сумма в строке bidPenny должна быть кратна рублю"}

Ошибка 400: {"message":"Сумма в строке bidPenny должна быть кратна рублю"}

Ошибка 400: {"message":"Сумма в строке bidPenny должна быть кратна рублю"}

Ошибка GET: 400 Client Error: Bad Request for url: https://api.avito.ru/cpxpromo/1/getBids/8035066842
Ошибка 400: {"message":"Не получится подключить продвижение. Подробности — в документации к API"}

Ошибка 400: {"message":"Сумма в строке bidPenny должна быть кратна рублю"}

Ошибка 400: {"message":"Сумма в строке bidPenny должна быть кратна рублю"}

Ошибка 400: {"message":"Сумма в строке bidPenny должна быть кратна рублю"}

Ошибка 400: {"message":"Сумма в строке bidPenny должна быть кратна рублю"}

Ошибка 400: {"message":"Сумма в строке bidPenny должна быть кратна рублю"}

Ошибка 400: {"message":"Сумма в строке bidPenny должна быть кратна рублю"}

Ошибка 400: {"message":"Сумма в строке bidPenny должна быть кратна рублю"}

Ошибка 400: {"message":"Сумма в строке bidPenny должна быть кратна рублю"}

[1/3] Сервер 429, пауза 2с
[2/3] Сервер 429, пауза 4с
[3/3] Сервер 429, пауза 8с
❌ Все попытки исчерпаны
Ошибка GET: 429 Client Error: Too Many Requests for url: https://api.avito.ru/cpxpromo/1/getBids/8035681543
[1/3] Сервер 429, пауза 2с
[2/3] Сервер 429, пауза 4с
[3/3] Сервер 429, пауза 8с
❌ Все попытки исчерпаны
Ошибка GET: 429 Client Error: Too Many Requests for url: https://api.avito.ru/cpxpromo/1/getBids/8035022570
[1/3] Сервер 429, пауза 2с
[2/3] Сервер 429, пауза 4с
[3/3] Сервер 429, пауза 8с
❌ Все попытки исчерпаны
Ошибка 400: {"message":"Сумма в строке bidPenny должна быть кратна рублю"}

Ошибка 400: {"message":"Сумма в строке bidPenny должна быть кратна рублю"}

Ошибка GET: 400 Client Error: Bad Request for url: https://api.avito.ru/cpxpromo/1/getBids/8035625282
Ошибка 400: {"message":"Не получится подключить продвижение. Подробности — в документации к API"}

Ошибка 400: {"message":"Сумма в строке bidPenny должна быть кратна рублю"}

Ошибка 400: {"message":"Сумма в строке bidPenny должна быть кратна рублю"}

Ошибка 400: {"message":"Сумма в строке bidPenny должна быть кратна рублю"}

Ошибка 400: {"message":"Сумма в строке bidPenny должна быть кратна рублю"}

Ошибка GET: 429 Client Error: Too Many Requests for url: https://api.avito.ru/cpxpromo/1/getBids/8035818055
[1/3] Сервер 429, пауза 2с
[2/3] Сервер 429, пауза 4с
Ошибка 400: {"message":"Неизвестная ошибка"}

Ошибка 400: {"message":"Сумма в строке bidPenny должна быть кратна рублю"}

Ошибка GET: 429 Client Error: Too Many Requests for url: https://api.avito.ru/cpxpromo/1/getBids/8035818055
[1/3] Сервер 429, пауза 2с
Ошибка 400: {"message":"Неизвестная ошибка"}

Ошибка 400: {"message":"Сумма в строке bidPenny должна быть кратна рублю"}

Ошибка 400: {"message":"Сумма в строке bidPenny должна быть кратна рублю"}

Ошибка 400: {"message":"Сумма в строке bidPenny должна быть кратна рублю"}

Ошибка 400: {"message":"Сумма в строке bidPenny должна быть кратна рублю"}

Ошибка 400: {"message":"Сумма в строке bidPenny должна быть кратна рублю"}

Ошибка 400: {"message":"Сумма в строке bidPenny должна быть кратна рублю"}

Ошибка 400: {"message":"Сумма в строке bidPenny должна быть кратна рублю"}

Ошибка 400: {"message":"Сумма в строке bidPenny должна быть кратна рублю"}

Ошибка 400: {"message":"Сумма в строке bidPenny должна быть кратна рублю"}

Ошибка 400: {"message":"Сумма в строке bidPenny должна быть кратна рублю"}

[1/3] Таймаут, пауза 2с
[2/3] Сервер 429, пауза 4с
[3/3] Сервер 429, пауза 8с
❌ Все попытки исчерпаны
[1/3] Сервер 429, пауза 2с
[2/3] Сервер 429, пауза 4с
[3/3] Сервер 429, пауза 8с
❌ Все попытки исчерпаны
Ошибка GET: 429 Client Error: Too Many Requests for url: https://api.avito.ru/cpxpromo/1/getBids/8035746701
[1/3] Сервер 429, пауза 2с
[2/3] Сервер 429, пауза 4с
Ошибка 400: {"message":"Неизвестная ошибка"}

Ошибка 400: {"message":"Сумма в строке bidPenny должна быть кратна рублю"}

Ошибка 400: {"message":"Сумма в строке bidPenny должна быть кратна рублю"}

Ошибка 400: {"message":"Сумма в строке bidPenny должна быть кратна рублю"}

Ошибка 400: {"message":"Сумма в строке bidPenny должна быть кратна рублю"}

Ошибка 400: {"message":"Сумма в строке bidPenny должна быть кратна рублю"}

Ошибка 400: {"message":"Сумма в строке bidPenny должна быть кратна рублю"}

[1/3] Сервер 429, пауза 2с
[2/3] Сервер 429, пауза 4с
Ошибка 400: {"message":"Сумма в строке bidPenny должна быть кратна рублю"}

Ошибка 400: {"message":"Сумма в строке bidPenny должна быть кратна рублю"}

Ошибка 400: {"message":"Сумма в строке bidPenny должна быть кратна рублю"}

Ошибка 400: {"message":"Сумма в строке bidPenny должна быть кратна рублю"}

Ошибка 400: {"message":"Сумма в строке bidPenny должна быть кратна рублю"}

Ошибка 400: {"message":"Сумма в строке bidPenny должна быть кратна рублю"}

Ошибка 400: {"message":"Сумма в строке bidPenny должна быть кратна рублю"}

Ошибка 400: {"message":"Сумма в строке bidPenny должна быть кратна рублю"}

Ошибка 400: {"message":"Сумма в строке bidPenny должна быть кратна рублю"}

Ошибка 400: {"message":"Сумма в строке bidPenny должна быть кратна рублю"}

Ошибка 400: {"message":"Сумма в строке bidPenny должна быть кратна рублю"}

Ошибка 400: {"message":"Сумма в строке bidPenny должна быть кратна рублю"}

Ошибка 400: {"message":"Сумма в строке bidPenny должна быть кратна рублю"}

Ошибка GET: 429 Client Error: Too Many Requests for url: https://api.avito.ru/cpxpromo/1/getBids/8035690547
[1/3] Сервер 429, пауза 2с
[2/3] Сервер 429, пауза 4с
[3/3] Сервер 429, пауза 8с
❌ Все попытки исчерпаны
Ошибка GET: 429 Client Error: Too Many Requests for url: https://api.avito.ru/cpxpromo/1/getBids/8034946889
[1/3] Сервер 429, пауза 2с
[2/3] Сервер 429, пауза 4с
[3/3] Сервер 429, пауза 8с
❌ Все попытки исчерпаны
[1/3] Сервер 429, пауза 2с
[2/3] Сервер 429, пауза 4с
[3/3] Сервер 429, пауза 8с
❌ Все попытки исчерпаны
Ошибка 400: {"message":"Сумма в строке bidPenny должна быть кратна рублю"}

Ошибка 400: {"message":"Сумма в строке bidPenny должна быть кратна рублю"}

Ошибка 400: {"message":"Сумма в строке bidPenny должна быть кратна рублю"}

Ошибка 400: {"message":"Сумма в строке bidPenny должна быть кратна рублю"}

Ошибка 400: {"message":"Сумма в строке bidPenny должна быть кратна рублю"}

Ошибка 400: {"message":"Сумма в строке bidPenny должна быть кратна рублю"}

Ошибка 400: {"message":"Сумма в строке bidPenny должна быть кратна рублю"}

Ошибка GET: 429 Client Error: Too Many Requests for url: https://api.avito.ru/cpxpromo/1/getBids/8035334702
[1/3] Сервер 429, пауза 2с
Ошибка 400: {"message":"Неизвестная ошибка"}

Ошибка 400: {"message":"Сумма в строке bidPenny должна быть кратна рублю"}

Ошибка 400: {"message":"Сумма в строке bidPenny должна быть кратна рублю"}

Ошибка 400: {"message":"Сумма в строке bidPenny должна быть кратна рублю"}

Ошибка 400: {"message":"Сумма в строке bidPenny должна быть кратна рублю"}

Ошибка 400: {"message":"Сумма в строке bidPenny должна быть кратна рублю"}

[bids] ГОТОВО | coffee | taken=128 OK=5 ERR=123 SKIP=0
[bids] ПРЕ СТАРТ | coffee
[bids] Токен получен для coffee
[bids] СТАРТ | coffee
/var/www/mnogunik.ru/mng/.venv/lib/python3.8/site-packages/google/auth/__init__.py:52: FutureWarning: You are using a Python version 3.8 past its end of life. Google will update google-auth with critical bug fixes on a best-effort basis, but not with any other fixes or features. Please upgrade your Python version, and then update google-auth.
  warnings.warn(eol_message.format("3.8"), FutureWarning)
/var/www/mnogunik.ru/mng/.venv/lib/python3.8/site-packages/google/oauth2/__init__.py:38: FutureWarning: You are using a Python version 3.8 past its end of life. Google will update google-auth with critical bug fixes on a best-effort basis, but not with any other fixes or features. Please upgrade your Python version, and then update google-auth.
  warnings.warn(eol_message.format("3.8"), FutureWarning)
[bids] ФИЛЬТР 2-129: {'total': 128, 'already_da': 0, 'same_date': 0, 'no_avito': 0, 'no_bid': 0, 'to_do': 128}
[bids] Сброс !Применил/дата для 128 строк
Ошибка 400: {"message":"Сумма в строке bidPenny должна быть кратна рублю"}

Ошибка 400: {"message":"Сумма в строке bidPenny должна быть кратна рублю"}

Ошибка 400: {"message":"Сумма в строке bidPenny должна быть кратна рублю"}

Ошибка 400: {"message":"Сумма в строке bidPenny должна быть кратна рублю"}

Ошибка 400: {"message":"Сумма в строке bidPenny должна быть кратна рублю"}

Ошибка 400: {"message":"Сумма в строке bidPenny должна быть кратна рублю"}

Ошибка 400: {"message":"Сумма в строке bidPenny должна быть кратна рублю"}

Ошибка 400: {"message":"Сумма в строке bidPenny должна быть кратна рублю"}

Ошибка 400: {"message":"Сумма в строке bidPenny должна быть кратна рублю"}

Ошибка 400: {"message":"Сумма в строке bidPenny должна быть кратна рублю"}

Ошибка 400: {"message":"Сумма в строке bidPenny должна быть кратна рублю"}

Ошибка 400: {"message":"Сумма в строке bidPenny должна быть кратна рублю"}

Ошибка 400: {"message":"Сумма в строке bidPenny должна быть кратна рублю"}

Ошибка 400: {"message":"Сумма в строке bidPenny должна быть кратна рублю"}

Ошибка 400: {"message":"Сумма в строке bidPenny должна быть кратна рублю"}

Ошибка GET: 429 Client Error: Too Many Requests for url: https://api.avito.ru/cpxpromo/1/getBids/8035400442
[1/3] Сервер 429, пауза 2с
[2/3] Сервер 429, пауза 4с
[3/3] Сервер 429, пауза 8с
❌ Все попытки исчерпаны
Ошибка GET: 429 Client Error: Too Many Requests for url: https://api.avito.ru/cpxpromo/1/getBids/8035859372
[1/3] Сервер 429, пауза 2с
[2/3] Сервер 429, пауза 4с
[3/3] Сервер 429, пауза 8с
❌ Все попытки исчерпаны
Ошибка GET: 429 Client Error: Too Many Requests for url: https://api.avito.ru/cpxpromo/1/getBids/8035698786
[1/3] Сервер 429, пауза 2с
[2/3] Сервер 429, пауза 4с
[3/3] Сервер 429, пауза 8с
❌ Все попытки исчерпаны
Ошибка GET: 429 Client Error: Too Many Requests for url: https://api.avito.ru/cpxpromo/1/getBids/8035139496
[1/3] Сервер 429, пауза 2с
[2/3] Сервер 429, пауза 4с
[3/3] Сервер 429, пауза 8с
❌ Все попытки исчерпаны
Ошибка 400: {"message":"Сумма в строке bidPenny должна быть кратна рублю"}

Ошибка 400: {"message":"Сумма в строке bidPenny должна быть кратна рублю"}

Ошибка 400: {"message":"Сумма в строке bidPenny должна быть кратна рублю"}

Ошибка 400: {"message":"Сумма в строке bidPenny должна быть кратна рублю"}

Ошибка 400: {"message":"Сумма в строке bidPenny должна быть кратна рублю"}

Ошибка GET: 400 Client Error: Bad Request for url: https://api.avito.ru/cpxpromo/1/getBids/8034916271
Ошибка 400: {"message":"Не получится подключить продвижение. Подробности — в документации к API"}

Ошибка 400: {"message":"Сумма в строке bidPenny должна быть кратна рублю"}

Ошибка 400: {"message":"Сумма в строке bidPenny должна быть кратна рублю"}

Ошибка 400: {"message":"Сумма в строке bidPenny должна быть кратна рублю"}

Ошибка 400: {"message":"Сумма в строке bidPenny должна быть кратна рублю"}

Ошибка 400: {"message":"Сумма в строке bidPenny должна быть кратна рублю"}

Ошибка 400: {"message":"Сумма в строке bidPenny должна быть кратна рублю"}

Ошибка 400: {"message":"Сумма в строке bidPenny должна быть кратна рублю"}

Ошибка 400: {"message":"Сумма в строке bidPenny должна быть кратна рублю"}

Ошибка 400: {"message":"Сумма в строке bidPenny должна быть кратна рублю"}

Ошибка 400: {"message":"Сумма в строке bidPenny должна быть кратна рублю"}

[bids] СТОП — флаг из панели
[bids] ПРЕ СТАРТ | coffee
[bids] Токен получен для coffee
[bids] СТАРТ | coffee
/var/www/mnogunik.ru/mng/.venv/lib/python3.8/site-packages/google/auth/__init__.py:52: FutureWarning: You are using a Python version 3.8 past its end of life. Google will update google-auth with critical bug fixes on a best-effort basis, but not with any other fixes or features. Please upgrade your Python version, and then update google-auth.
  warnings.warn(eol_message.format("3.8"), FutureWarning)
/var/www/mnogunik.ru/mng/.venv/lib/python3.8/site-packages/google/oauth2/__init__.py:38: FutureWarning: You are using a Python version 3.8 past its end of life. Google will update google-auth with critical bug fixes on a best-effort basis, but not with any other fixes or features. Please upgrade your Python version, and then update google-auth.
  warnings.warn(eol_message.format("3.8"), FutureWarning)
[bids] ФИЛЬТР 2-129: {'total': 128, 'already_da': 0, 'same_date': 0, 'no_avito': 0, 'no_bid': 0, 'to_do': 128}
Ошибка 400: {"message":"Сумма в строке bidPenny должна быть кратна рублю"}

Ошибка GET: 429 Client Error: Too Many Requests for url: https://api.avito.ru/cpxpromo/1/getBids/8034933626
[1/3] Сервер 429, пауза 2с
[2/3] Сервер 429, пауза 4с
[3/3] Сервер 429, пауза 8с
❌ Все попытки исчерпаны
Ошибка GET: 429 Client Error: Too Many Requests for url: https://api.avito.ru/cpxpromo/1/getBids/8034969748
[1/3] Сервер 429, пауза 2с
[2/3] Сервер 429, пауза 4с
[3/3] Сервер 429, пауза 8с
❌ Все попытки исчерпаны
Ошибка GET: 429 Client Error: Too Many Requests for url: https://api.avito.ru/cpxpromo/1/getBids/8035169034
[1/3] Сервер 429, пауза 2с
[2/3] Сервер 429, пауза 4с
Ошибка 400: {"message":"Неизвестная ошибка"}

Ошибка 400: {"message":"Сумма в строке bidPenny должна быть кратна рублю"}

Ошибка 400: {"message":"Сумма в строке bidPenny должна быть кратна рублю"}

Ошибка 400: {"message":"Сумма в строке bidPenny должна быть кратна рублю"}

Ошибка 400: {"message":"Сумма в строке bidPenny должна быть кратна рублю"}

Ошибка 400: {"message":"Сумма в строке bidPenny должна быть кратна рублю"}

Ошибка 400: {"message":"Сумма в строке bidPenny должна быть кратна рублю"}

Ошибка 400: {"message":"Сумма в строке bidPenny должна быть кратна рублю"}

Ошибка 400: {"message":"Сумма в строке bidPenny должна быть кратна рублю"}

Ошибка 400: {"message":"Сумма в строке bidPenny должна быть кратна рублю"}

Ошибка 400: {"message":"Сумма в строке bidPenny должна быть кратна рублю"}

Ошибка 400: {"message":"Сумма в строке bidPenny должна быть кратна рублю"}

Ошибка 400: {"message":"Сумма в строке bidPenny должна быть кратна рублю"}

Ошибка 400: {"message":"Сумма в строке bidPenny должна быть кратна рублю"}

Ошибка 400: {"message":"Сумма в строке bidPenny должна быть кратна рублю"}

[1/3] Сервер 429, пауза 2с
[2/3] Сервер 429, пауза 4с
[3/3] Сервер 429, пауза 8с
❌ Все попытки исчерпаны
Ошибка 400: {"message":"Сумма в строке bidPenny должна быть кратна рублю"}

Ошибка 400: {"message":"Сумма в строке bidPenny должна быть кратна рублю"}

Ошибка 400: {"message":"Сумма в строке bidPenny должна быть кратна рублю"}

Ошибка 400: {"message":"Сумма в строке bidPenny должна быть кратна рублю"}

Ошибка GET: 429 Client Error: Too Many Requests for url: https://api.avito.ru/cpxpromo/1/getBids/8035848846
[1/3] Сервер 429, пауза 2с
[2/3] Сервер 429, пауза 4с
[3/3] Сервер 429, пауза 8с
❌ Все попытки исчерпаны
Ошибка GET: 429 Client Error: Too Many Requests for url: https://api.avito.ru/cpxpromo/1/getBids/8035261433
[1/3] Сервер 429, пауза 2с
[2/3] Сервер 429, пауза 4с
[3/3] Сервер 429, пауза 8с
❌ Все попытки исчерпаны
Ошибка GET: 429 Client Error: Too Many Requests for url: https://api.avito.ru/cpxpromo/1/getBids/8034916271
[1/3] Сервер 429, пауза 2с
[2/3] Сервер 429, пауза 4с
Ошибка 400: {"message":"Не получится подключить продвижение. Подробности — в документации к API"}

[1/3] Сервер 429, пауза 2с
Ошибка 400: {"message":"Сумма в строке bidPenny должна быть кратна рублю"}

Ошибка 400: {"message":"Сумма в строке bidPenny должна быть кратна рублю"}

Ошибка 400: {"message":"Сумма в строке bidPenny должна быть кратна рублю"}

Ошибка 400: {"message":"Сумма в строке bidPenny должна быть кратна рублю"}

Ошибка 400: {"message":"Сумма в строке bidPenny должна быть кратна рублю"}

Ошибка 400: {"message":"Сумма в строке bidPenny должна быть кратна рублю"}

Ошибка 400: {"message":"Сумма в строке bidPenny должна быть кратна рублю"}

Ошибка 400: {"message":"Сумма в строке bidPenny должна быть кратна рублю"}

Ошибка 400: {"message":"Сумма в строке bidPenny должна быть кратна рублю"}

Ошибка 400: {"message":"Сумма в строке bidPenny должна быть кратна рублю"}

Ошибка GET: 400 Client Error: Bad Request for url: https://api.avito.ru/cpxpromo/1/getBids/8035006333
Ошибка 400: {"message":"Не получится подключить продвижение. Подробности — в документации к API"}

Ошибка 400: {"message":"Сумма в строке bidPenny должна быть кратна рублю"}

Ошибка 400: {"message":"Сумма в строке bidPenny должна быть кратна рублю"}

Ошибка 400: {"message":"Сумма в строке bidPenny должна быть кратна рублю"}

Ошибка 400: {"message":"Сумма в строке bidPenny должна быть кратна рублю"}

[1/3] Сервер 429, пауза 2с
[2/3] Сервер 429, пауза 4с
[3/3] Сервер 429, пауза 8с
❌ Все попытки исчерпаны
Ошибка 400: {"message":"Сумма в строке bidPenny должна быть кратна рублю"}

Ошибка 400: {"message":"Сумма в строке bidPenny должна быть кратна рублю"}

Ошибка 400: {"message":"Сумма в строке bidPenny должна быть кратна рублю"}

Ошибка 400: {"message":"Сумма в строке bidPenny должна быть кратна рублю"}

Ошибка GET: 429 Client Error: Too Many Requests for url: https://api.avito.ru/cpxpromo/1/getBids/8035575536
[1/3] Сервер 429, пауза 2с
[2/3] Сервер 429, пауза 4с
[3/3] Сервер 429, пауза 8с
❌ Все попытки исчерпаны
Ошибка GET: 429 Client Error: Too Many Requests for url: https://api.avito.ru/cpxpromo/1/getBids/8035640869
[1/3] Сервер 429, пауза 2с
[2/3] Сервер 429, пауза 4с
[3/3] Сервер 429, пауза 8с
❌ Все попытки исчерпаны
Ошибка GET: 429 Client Error: Too Many Requests for url: https://api.avito.ru/cpxpromo/1/getBids/8035518607
[1/3] Сервер 429, пауза 2с
[2/3] Сервер 429, пауза 4с
Ошибка 400: {"message":"Неизвестная ошибка"}

[1/3] Сервер 429, пауза 2с
Ошибка 400: {"message":"Сумма в строке bidPenny должна быть кратна рублю"}

Ошибка 400: {"message":"Сумма в строке bidPenny должна быть кратна рублю"}

Ошибка 400: {"message":"Сумма в строке bidPenny должна быть кратна рублю"}

Ошибка 400: {"message":"Сумма в строке bidPenny должна быть кратна рублю"}

Ошибка 400: {"message":"Сумма в строке bidPenny должна быть кратна рублю"}

Ошибка GET: 400 Client Error: Bad Request for url: https://api.avito.ru/cpxpromo/1/getBids/8035066842
Ошибка 400: {"message":"Не получится подключить продвижение. Подробности — в документации к API"}

Ошибка 400: {"message":"Сумма в строке bidPenny должна быть кратна рублю"}

Ошибка 400: {"message":"Сумма в строке bidPenny должна быть кратна рублю"}

Ошибка 400: {"message":"Сумма в строке bidPenny должна быть кратна рублю"}

Ошибка 400: {"message":"Сумма в строке bidPenny должна быть кратна рублю"}

Ошибка 400: {"message":"Сумма в строке bidPenny должна быть кратна рублю"}

Ошибка 400: {"message":"Сумма в строке bidPenny должна быть кратна рублю"}

Ошибка 400: {"message":"Сумма в строке bidPenny должна быть кратна рублю"}

Ошибка 400: {"message":"Сумма в строке bidPenny должна быть кратна рублю"}

Ошибка 400: {"message":"Сумма в строке bidPenny должна быть кратна рублю"}

[1/3] Сервер 429, пауза 2с
[2/3] Сервер 429, пауза 4с
[3/3] Сервер 429, пауза 8с
❌ Все попытки исчерпаны
Ошибка 400: {"message":"Сумма в строке bidPenny должна быть кратна рублю"}

Ошибка 400: {"message":"Сумма в строке bidPenny должна быть кратна рублю"}

Ошибка 400: {"message":"Сумма в строке bidPenny должна быть кратна рублю"}

Ошибка GET: 400 Client Error: Bad Request for url: https://api.avito.ru/cpxpromo/1/getBids/8035625282
Ошибка 400: {"message":"Не получится подключить продвижение. Подробности — в документации к API"}

Ошибка GET: 429 Client Error: Too Many Requests for url: https://api.avito.ru/cpxpromo/1/getBids/8035078138
[1/3] Сервер 429, пауза 2с
[2/3] Сервер 429, пауза 4с
[3/3] Сервер 429, пауза 8с
❌ Все попытки исчерпаны
Ошибка GET: 429 Client Error: Too Many Requests for url: https://api.avito.ru/cpxpromo/1/getBids/8035817827
[1/3] Сервер 429, пауза 2с
[2/3] Сервер 429, пауза 4с
[3/3] Сервер 429, пауза 8с
❌ Все попытки исчерпаны
Ошибка GET: 429 Client Error: Too Many Requests for url: https://api.avito.ru/cpxpromo/1/getBids/8035248432
[1/3] Сервер 429, пауза 2с
[2/3] Сервер 429, пауза 4с
Ошибка 400: {"message":"Неизвестная ошибка"}

[1/3] Сервер 429, пауза 2с
Ошибка 400: {"message":"Сумма в строке bidPenny должна быть кратна рублю"}

Ошибка 400: {"message":"Сумма в строке bidPenny должна быть кратна рублю"}

Ошибка 400: {"message":"Сумма в строке bidPenny должна быть кратна рублю"}

Ошибка 400: {"message":"Сумма в строке bidPenny должна быть кратна рублю"}

Ошибка 400: {"message":"Сумма в строке bidPenny должна быть кратна рублю"}

Ошибка 400: {"message":"Сумма в строке bidPenny должна быть кратна рублю"}

Ошибка 400: {"message":"Сумма в строке bidPenny должна быть кратна рублю"}

Ошибка 400: {"message":"Сумма в строке bidPenny должна быть кратна рублю"}

Ошибка 400: {"message":"Сумма в строке bidPenny должна быть кратна рублю"}

Ошибка 400: {"message":"Сумма в строке bidPenny должна быть кратна рублю"}

Ошибка 400: {"message":"Сумма в строке bidPenny должна быть кратна рублю"}

Ошибка 400: {"message":"Сумма в строке bidPenny должна быть кратна рублю"}

Ошибка 400: {"message":"Сумма в строке bidPenny должна быть кратна рублю"}

Ошибка 400: {"message":"Сумма в строке bidPenny должна быть кратна рублю"}

Ошибка 400: {"message":"Сумма в строке bidPenny должна быть кратна рублю"}

[1/3] Сервер 429, пауза 2с
[2/3] Сервер 429, пауза 4с
[3/3] Сервер 429, пауза 8с
❌ Все попытки исчерпаны
Ошибка 400: {"message":"Сумма в строке bidPenny должна быть кратна рублю"}

Ошибка 400: {"message":"Сумма в строке bidPenny должна быть кратна рублю"}

Ошибка 400: {"message":"Сумма в строке bidPenny должна быть кратна рублю"}

Ошибка 400: {"message":"Сумма в строке bidPenny должна быть кратна рублю"}

Ошибка GET: 429 Client Error: Too Many Requests for url: https://api.avito.ru/cpxpromo/1/getBids/8035272396
[1/3] Сервер 429, пауза 2с
[2/3] Сервер 429, пауза 4с
[3/3] Сервер 429, пауза 8с
❌ Все попытки исчерпаны
Ошибка GET: 429 Client Error: Too Many Requests for url: https://api.avito.ru/cpxpromo/1/getBids/8035159732
[1/3] Сервер 429, пауза 2с
[2/3] Сервер 429, пауза 4с
[3/3] Сервер 429, пауза 8с
[bids] ПРЕ СТАРТ | coffee
❌ Все попытки исчерпаны
Ошибка GET: 429 Client Error: Too Many Requests for url: https://api.avito.ru/cpxpromo/1/getBids/8035070573
[bids] Токен получен для coffee
[bids] СТАРТ | coffee
/var/www/mnogunik.ru/mng/.venv/lib/python3.8/site-packages/google/auth/__init__.py:52: FutureWarning: You are using a Python version 3.8 past its end of life. Google will update google-auth with critical bug fixes on a best-effort basis, but not with any other fixes or features. Please upgrade your Python version, and then update google-auth.
  warnings.warn(eol_message.format("3.8"), FutureWarning)
/var/www/mnogunik.ru/mng/.venv/lib/python3.8/site-packages/google/oauth2/__init__.py:38: FutureWarning: You are using a Python version 3.8 past its end of life. Google will update google-auth with critical bug fixes on a best-effort basis, but not with any other fixes or features. Please upgrade your Python version, and then update google-auth.
  warnings.warn(eol_message.format("3.8"), FutureWarning)
[1/3] Сервер 429, пауза 2с
Ошибка 400: {"message":"Неизвестная ошибка"}

[1/3] Сервер 429, пауза 2с
[bids] ФИЛЬТР 2-129: {'total': 128, 'already_da': 0, 'same_date': 0, 'no_avito': 0, 'no_bid': 0, 'to_do': 128}
Ошибка GET: 429 Client Error: Too Many Requests for url: https://api.avito.ru/cpxpromo/1/getBids/7811815861
[1/3] Сервер 429, пауза 2с
Ошибка 400: {"message":"Сумма в строке bidPenny должна быть кратна рублю"}

Ошибка 400: {"message":"Сумма в строке bidPenny должна быть кратна рублю"}

Ошибка 400: {"message":"Сумма в строке bidPenny должна быть кратна рублю"}

Ошибка 400: {"message":"Сумма в строке bidPenny должна быть кратна рублю"}

Ошибка 400: {"message":"Сумма в строке bidPenny должна быть кратна рублю"}

[1/3] Сервер 429, пауза 2с
[1/3] Сервер 429, пауза 2с
Ошибка 400: {"message":"Сумма в строке bidPenny должна быть кратна рублю"}

Ошибка 400: {"message":"Сумма в строке bidPenny должна быть кратна рублю"}

[1/3] Сервер 429, пауза 2с
[1/3] Сервер 429, пауза 2с
[2/3] Сервер 429, пауза 4с
[2/3] Сервер 429, пауза 4с
[3/3] Сервер 429, пауза 8с
[3/3] Сервер 429, пауза 8с
❌ Все попытки исчерпаны
❌ Все попытки исчерпаны
Ошибка 400: {"message":"Сумма в строке bidPenny должна быть кратна рублю"}

Ошибка 400: {"message":"Сумма в строке bidPenny должна быть кратна рублю"}

[1/3] Сервер 429, пауза 2с
Ошибка GET: 429 Client Error: Too Many Requests for url: https://api.avito.ru/cpxpromo/1/getBids/8035242025
[1/3] Сервер 429, пауза 2с
Ошибка 400: {"message":"Сумма в строке bidPenny должна быть кратна рублю"}

Ошибка GET: 429 Client Error: Too Many Requests for url: https://api.avito.ru/cpxpromo/1/getBids/8035092199
[2/3] Сервер 429, пауза 4с
[1/3] Сервер 429, пауза 2с
[2/3] Сервер 429, пауза 4с
[3/3] Сервер 429, пауза 8с
[3/3] Сервер 429, пауза 8с
❌ Все попытки исчерпаны
Ошибка GET: 429 Client Error: Too Many Requests for url: https://api.avito.ru/cpxpromo/1/getBids/8035101673
[1/3] Сервер 429, пауза 2с
❌ Все попытки исчерпаны
[2/3] Сервер 429, пауза 4с
Ошибка GET: 429 Client Error: Too Many Requests for url: https://api.avito.ru/cpxpromo/1/getBids/8035457346
[1/3] Сервер 429, пауза 2с
[2/3] Сервер 429, пауза 4с
[3/3] Сервер 429, пауза 8с
[3/3] Сервер 429, пауза 8с
❌ Все попытки исчерпаны
Ошибка GET: 429 Client Error: Too Many Requests for url: https://api.avito.ru/cpxpromo/1/getBids/8034984713
[1/3] Сервер 429, пауза 2с
❌ Все попытки исчерпаны
[1/3] Сервер 429, пауза 2с
Ошибка GET: 429 Client Error: Too Many Requests for url: https://api.avito.ru/cpxpromo/1/getBids/8035691700
[1/3] Сервер 429, пауза 2с
Ошибка 400: {"message":"Сумма в строке bidPenny должна быть кратна рублю"}

Ошибка 400: {"message":"Сумма в строке bidPenny должна быть кратна рублю"}

Ошибка 400: {"message":"Сумма в строке bidPenny должна быть кратна рублю"}

[1/3] Сервер 429, пауза 2с
Ошибка 400: {"message":"Сумма в строке bidPenny должна быть кратна рублю"}

Ошибка 400: {"message":"Сумма в строке bidPenny должна быть кратна рублю"}

Ошибка 400: {"message":"Сумма в строке bidPenny должна быть кратна рублю"}

Ошибка 400: {"message":"Сумма в строке bidPenny должна быть кратна рублю"}

Ошибка 400: {"message":"Сумма в строке bidPenny должна быть кратна рублю"}

[bids] СТОП — флаг из панели
[1/3] Сервер 429, пауза 2с
[bids] СТОП — флаг из панели
[bids] ПРЕ СТАРТ | coffee
[bids] Токен получен для coffee
[bids] СТАРТ | coffee
/var/www/mnogunik.ru/mng/.venv/lib/python3.8/site-packages/google/auth/__init__.py:52: FutureWarning: You are using a Python version 3.8 past its end of life. Google will update google-auth with critical bug fixes on a best-effort basis, but not with any other fixes or features. Please upgrade your Python version, and then update google-auth.
  warnings.warn(eol_message.format("3.8"), FutureWarning)
/var/www/mnogunik.ru/mng/.venv/lib/python3.8/site-packages/google/oauth2/__init__.py:38: FutureWarning: You are using a Python version 3.8 past its end of life. Google will update google-auth with critical bug fixes on a best-effort basis, but not with any other fixes or features. Please upgrade your Python version, and then update google-auth.
  warnings.warn(eol_message.format("3.8"), FutureWarning)
[bids] ФИЛЬТР 2-129: {'total': 128, 'already_da': 0, 'same_date': 0, 'no_avito': 0, 'no_bid': 0, 'to_do': 128}
[bids] Сброс !Применил/дата для 20 строк
Ошибка GET: 429 Client Error: Too Many Requests for url: https://api.avito.ru/cpxpromo/1/getBids/8035400442
[1/3] Сервер 429, пауза 2с
[2/3] Сервер 429, пауза 4с
[3/3] Сервер 429, пауза 8с
❌ Все попытки исчерпаны
Ошибка GET: 429 Client Error: Too Many Requests for url: https://api.avito.ru/cpxpromo/1/getBids/8035859372
[1/3] Сервер 429, пауза 2с
[2/3] Сервер 429, пауза 4с
[3/3] Сервер 429, пауза 8с
❌ Все попытки исчерпаны
Ошибка GET: 429 Client Error: Too Many Requests for url: https://api.avito.ru/cpxpromo/1/getBids/8035698786
[1/3] Сервер 429, пауза 2с
[2/3] Сервер 429, пауза 4с
[3/3] Сервер 429, пауза 8с
❌ Все попытки исчерпаны
Ошибка GET: 429 Client Error: Too Many Requests for url: https://api.avito.ru/cpxpromo/1/getBids/8035139496
[1/3] Сервер 429, пауза 2с
[2/3] Сервер 429, пауза 4с
Ошибка GET: 400 Client Error: Bad Request for url: https://api.avito.ru/cpxpromo/1/getBids/8034916271
Ошибка 400: {"message":"Не получится подключить продвижение. Подробности — в документации к API"}

Ошибка GET: 400 Client Error: Bad Request for url: https://api.avito.ru/cpxpromo/1/getBids/8035006333
Ошибка 400: {"message":"Не получится подключить продвижение. Подробности — в документации к API"}

[1/3] Сервер 429, пауза 2с
[2/3] Сервер 429, пауза 4с
[3/3] Сервер 429, пауза 8с
❌ Все попытки исчерпаны
Ошибка GET: 429 Client Error: Too Many Requests for url: https://api.avito.ru/cpxpromo/1/getBids/8035401189
[1/3] Сервер 429, пауза 2с
[2/3] Сервер 429, пауза 4с
[3/3] Сервер 429, пауза 8с
❌ Все попытки исчерпаны
Ошибка GET: 429 Client Error: Too Many Requests for url: https://api.avito.ru/cpxpromo/1/getBids/8035281695
[1/3] Сервер 429, пауза 2с
[2/3] Сервер 429, пауза 4с
[3/3] Сервер 429, пауза 8с
❌ Все попытки исчерпаны
Ошибка GET: 429 Client Error: Too Many Requests for url: https://api.avito.ru/cpxpromo/1/getBids/8035785907
[1/3] Сервер 429, пауза 2с
[2/3] Сервер 429, пауза 4с
Ошибка GET: 400 Client Error: Bad Request for url: https://api.avito.ru/cpxpromo/1/getBids/8035066842
Ошибка 400: {"message":"Не получится подключить продвижение. Подробности — в документации к API"}

[1/3] Сервер 429, пауза 2с
[2/3] Сервер 429, пауза 4с
[3/3] Сервер 429, пауза 8с
❌ Все попытки исчерпаны
Ошибка GET: 429 Client Error: Too Many Requests for url: https://api.avito.ru/cpxpromo/1/getBids/8034918282
[1/3] Сервер 429, пауза 2с
[2/3] Сервер 429, пауза 4с
[3/3] Сервер 429, пауза 8с
❌ Все попытки исчерпаны
Ошибка GET: 429 Client Error: Too Many Requests for url: https://api.avito.ru/cpxpromo/1/getBids/8035681543
[1/3] Сервер 429, пауза 2с
[2/3] Сервер 429, пауза 4с
[3/3] Сервер 429, пауза 8с
❌ Все попытки исчерпаны
Ошибка GET: 429 Client Error: Too Many Requests for url: https://api.avito.ru/cpxpromo/1/getBids/8035022570
[1/3] Сервер 429, пауза 2с
[2/3] Сервер 429, пауза 4с
Ошибка GET: 400 Client Error: Bad Request for url: https://api.avito.ru/cpxpromo/1/getBids/8035625282
Ошибка 400: {"message":"Не получится подключить продвижение. Подробности — в документации к API"}

[1/3] Сервер 429, пауза 2с
[2/3] Сервер 429, пауза 4с
[3/3] Сервер 429, пауза 8с
❌ Все попытки исчерпаны
Ошибка GET: 429 Client Error: Too Many Requests for url: https://api.avito.ru/cpxpromo/1/getBids/8035071144
[1/3] Сервер 429, пауза 2с
[2/3] Сервер 429, пауза 4с
[3/3] Сервер 429, пауза 8с
❌ Все попытки исчерпаны
Ошибка GET: 429 Client Error: Too Many Requests for url: https://api.avito.ru/cpxpromo/1/getBids/8035753842
[1/3] Сервер 429, пауза 2с
[2/3] Сервер 429, пауза 4с
[3/3] Сервер 429, пауза 8с
❌ Все попытки исчерпаны
Ошибка GET: 429 Client Error: Too Many Requests for url: https://api.avito.ru/cpxpromo/1/getBids/8035457346
Ошибка GET: 429 Client Error: Too Many Requests for url: https://api.avito.ru/cpxpromo/1/getBids/8035690547
[1/3] Сервер 429, пауза 2с
[2/3] Сервер 429, пауза 4с
[3/3] Сервер 429, пауза 8с
❌ Все попытки исчерпаны
[1/3] Сервер 429, пауза 2с
[2/3] Сервер 429, пауза 4с
[3/3] Сервер 429, пауза 8с
❌ Все попытки исчерпаны
Ошибка GET: 429 Client Error: Too Many Requests for url: https://api.avito.ru/cpxpromo/1/getBids/8035040986
[1/3] Сервер 429, пауза 2с
[2/3] Сервер 429, пауза 4с
[3/3] Сервер 429, пауза 8с
❌ Все попытки исчерпаны
Ошибка GET: 429 Client Error: Too Many Requests for url: https://api.avito.ru/cpxpromo/1/getBids/8035208130
[1/3] Сервер 429, пауза 2с
[2/3] Сервер 429, пауза 4с
[bids] ГОТОВО | coffee | всего=128 OK=109 ERR=19 SKIP=0
