2026-04-15 17:30:12 [WARNING] build_stats coffee уже запущен (pid=16047)
2026-04-15 17:30:12 [INFO] ==================================================
2026-04-15 17:30:12 [INFO] СТАРТ | export_stats | coffee
/var/www/mnogunik.ru/mng/.venv/lib/python3.8/site-packages/google/auth/__init__.py:52: FutureWarning: You are using a Python version 3.8 past its end of life. Google will update google-auth with critical bug fixes on a best-effort basis, but not with any other fixes or features. Please upgrade your Python version, and then update google-auth.
  warnings.warn(eol_message.format("3.8"), FutureWarning)
/var/www/mnogunik.ru/mng/.venv/lib/python3.8/site-packages/google/oauth2/__init__.py:38: FutureWarning: You are using a Python version 3.8 past its end of life. Google will update google-auth with critical bug fixes on a best-effort basis, but not with any other fixes or features. Please upgrade your Python version, and then update google-auth.
  warnings.warn(eol_message.format("3.8"), FutureWarning)
2026-04-15 17:30:14 [INFO] Открыт лист 'baza_c' (id=121665332)
2026-04-15 17:30:16 [INFO] Строк в листе: 126
2026-04-15 17:30:16 [INFO] AvitoId в листе: валидных=124, битых=0
2026-04-15 17:30:16 [INFO] Аналитика в БД: 126
2026-04-15 17:30:16 [INFO] Совпало: 124 | только в листе: 0
2026-04-15 17:30:16 [INFO] === ДИАГНОСТИКА ID (первые 20 строк) ===
2026-04-15 17:30:16 [INFO] ✓ Строка 2: ID='7811815861' -> ЕСТЬ в БД, расход_7д=350.0
2026-04-15 17:30:16 [INFO] ✓ Строка 3: ID='8035421536' -> ЕСТЬ в БД, расход_7д=0.0
2026-04-15 17:30:16 [INFO] ✓ Строка 4: ID='8035200292' -> ЕСТЬ в БД, расход_7д=0.0
2026-04-15 17:30:16 [INFO] ✓ Строка 5: ID='8034979055' -> ЕСТЬ в БД, расход_7д=0.0
2026-04-15 17:30:16 [INFO] ✓ Строка 6: ID='8034933626' -> ЕСТЬ в БД, расход_7д=0.0
2026-04-15 17:30:16 [INFO] ✓ Строка 7: ID='8034969748' -> ЕСТЬ в БД, расход_7д=0.0
2026-04-15 17:30:16 [INFO] ✓ Строка 8: ID='8035169034' -> ЕСТЬ в БД, расход_7д=0.0
2026-04-15 17:30:16 [INFO] ✓ Строка 9: ID='8035130375' -> ЕСТЬ в БД, расход_7д=0.0
2026-04-15 17:30:16 [INFO] ✓ Строка 10: ID='8035741310' -> ЕСТЬ в БД, расход_7д=0.0
2026-04-15 17:30:16 [INFO] ✓ Строка 11: ID='8035887716' -> ЕСТЬ в БД, расход_7д=0.0
2026-04-15 17:30:16 [INFO] ✓ Строка 12: ID='8035242025' -> ЕСТЬ в БД, расход_7д=0.0
2026-04-15 17:30:16 [INFO] ✓ Строка 13: ID='8035101673' -> ЕСТЬ в БД, расход_7д=0.0
2026-04-15 17:30:16 [INFO] ✓ Строка 14: ID='8034984713' -> ЕСТЬ в БД, расход_7д=17.7
2026-04-15 17:30:16 [INFO] ✓ Строка 15: ID='8035691700' -> ЕСТЬ в БД, расход_7д=0.0
2026-04-15 17:30:16 [INFO] ✓ Строка 16: ID='8035148919' -> ЕСТЬ в БД, расход_7д=0.0
2026-04-15 17:30:16 [INFO] ✓ Строка 17: ID='8035114736' -> ЕСТЬ в БД, расход_7д=0.0
2026-04-15 17:30:16 [INFO] ✓ Строка 18: ID='8034957187' -> ЕСТЬ в БД, расход_7д=0.0
2026-04-15 17:30:16 [INFO] ✓ Строка 19: ID='8035369188' -> ЕСТЬ в БД, расход_7д=0.0
2026-04-15 17:30:16 [INFO] ✓ Строка 20: ID='8034993818' -> ЕСТЬ в БД, расход_7д=17.7
2026-04-15 17:30:16 [INFO] ✓ Строка 21: ID='8035605379' -> ЕСТЬ в БД, расход_7д=0.0
2026-04-15 17:30:16 [INFO] ✓ Строка 22: ID='8035400442' -> ЕСТЬ в БД, расход_7д=0.0
2026-04-15 17:30:16 [INFO] ✓ Строка 23: ID='8035859372' -> ЕСТЬ в БД, расход_7д=0.0
2026-04-15 17:30:16 [INFO] ✓ Строка 24: ID='8035698786' -> ЕСТЬ в БД, расход_7д=0.0
2026-04-15 17:30:16 [INFO] ✓ Строка 25: ID='8035139496' -> ЕСТЬ в БД, расход_7д=0.0
2026-04-15 17:30:16 [INFO] ✓ Строка 26: ID='8035043874' -> ЕСТЬ в БД, расход_7д=0.0
2026-04-15 17:30:16 [INFO] ✓ Строка 27: ID='8034977708' -> ЕСТЬ в БД, расход_7д=0.0
2026-04-15 17:30:16 [INFO] ✓ Строка 28: ID='8035057407' -> ЕСТЬ в БД, расход_7д=0.0
2026-04-15 17:30:16 [INFO] ✓ Строка 29: ID='8035848846' -> ЕСТЬ в БД, расход_7д=0.0
2026-04-15 17:30:16 [INFO] ✓ Строка 30: ID='8035261433' -> ЕСТЬ в БД, расход_7д=0.0
2026-04-15 17:30:16 [INFO] ✓ Строка 31: ID='8035071477' -> ЕСТЬ в БД, расход_7д=0.0
2026-04-15 17:30:16 [INFO] ✓ Строка 32: ID='8035216048' -> ЕСТЬ в БД, расход_7д=0.0
2026-04-15 17:30:16 [INFO] ✓ Строка 33: ID='8035271871' -> ЕСТЬ в БД, расход_7д=0.0
2026-04-15 17:30:16 [INFO] ✓ Строка 34: ID='8035594859' -> ЕСТЬ в БД, расход_7д=0.0
2026-04-15 17:30:16 [INFO] ✓ Строка 35: ID='8035215343' -> ЕСТЬ в БД, расход_7д=0.0
2026-04-15 17:30:16 [INFO] ✓ Строка 36: ID='8035446433' -> ЕСТЬ в БД, расход_7д=0.0
2026-04-15 17:30:16 [INFO] ✓ Строка 37: ID='8035267737' -> ЕСТЬ в БД, расход_7д=0.0
2026-04-15 17:30:16 [INFO] ✓ Строка 38: ID='8035067892' -> ЕСТЬ в БД, расход_7д=0.0
2026-04-15 17:30:16 [INFO] ✓ Строка 39: ID='8034989645' -> ЕСТЬ в БД, расход_7д=0.0
2026-04-15 17:30:16 [INFO] ✓ Строка 40: ID='8035190202' -> ЕСТЬ в БД, расход_7д=0.0
2026-04-15 17:30:16 [INFO] ✓ Строка 41: ID='8035635989' -> ЕСТЬ в БД, расход_7д=0.0
2026-04-15 17:30:16 [INFO] ✓ Строка 42: ID='8035736535' -> ЕСТЬ в БД, расход_7д=0.0
2026-04-15 17:30:16 [INFO] ✓ Строка 43: ID='8034982141' -> ЕСТЬ в БД, расход_7д=0.0
2026-04-15 17:30:16 [INFO] ✓ Строка 44: ID='8035401189' -> ЕСТЬ в БД, расход_7д=0.0
2026-04-15 17:30:16 [INFO] ✓ Строка 45: ID='8035281695' -> ЕСТЬ в БД, расход_7д=0.0
2026-04-15 17:30:16 [INFO] ✓ Строка 46: ID='8035785907' -> ЕСТЬ в БД, расход_7д=0.0
2026-04-15 17:30:16 [INFO] ✓ Строка 47: ID='8035654911' -> ЕСТЬ в БД, расход_7д=0.0
2026-04-15 17:30:16 [INFO] ✓ Строка 48: ID='8035247752' -> ЕСТЬ в БД, расход_7д=0.0
2026-04-15 17:30:16 [INFO] ✓ Строка 49: ID='8035450770' -> ЕСТЬ в БД, расход_7д=0.0
2026-04-15 17:30:16 [INFO] ✓ Строка 50: ID='8035575536' -> ЕСТЬ в БД, расход_7д=0.0
2026-04-15 17:30:16 [INFO] ✓ Строка 51: ID='8035640869' -> ЕСТЬ в БД, расход_7д=0.0
2026-04-15 17:30:16 [INFO] ✓ Строка 52: ID='8035518607' -> ЕСТЬ в БД, расход_7д=0.0
2026-04-15 17:30:16 [INFO] ✓ Строка 53: ID='8035369379' -> ЕСТЬ в БД, расход_7д=0.0
2026-04-15 17:30:16 [INFO] ✓ Строка 54: ID='8035288479' -> ЕСТЬ в БД, расход_7д=0.0
2026-04-15 17:30:16 [INFO] ✓ Строка 55: ID='8034981764' -> ЕСТЬ в БД, расход_7д=0.0
2026-04-15 17:30:16 [INFO] ✓ Строка 56: ID='8035803137' -> ЕСТЬ в БД, расход_7д=0.0
2026-04-15 17:30:16 [INFO] ✓ Строка 57: ID='8035557296' -> ЕСТЬ в БД, расход_7д=0.0
2026-04-15 17:30:16 [INFO] ✓ Строка 58: ID='8035452535' -> ЕСТЬ в БД, расход_7д=0.0
2026-04-15 17:30:16 [INFO] ✓ Строка 59: ID='8035572832' -> ЕСТЬ в БД, расход_7д=0.0
2026-04-15 17:30:16 [INFO] ✓ Строка 60: ID='8035839058' -> ЕСТЬ в БД, расход_7д=0.0
2026-04-15 17:30:16 [INFO] ✓ Строка 61: ID='8035879483' -> ЕСТЬ в БД, расход_7д=0.0
2026-04-15 17:30:16 [INFO] ✓ Строка 62: ID='8035200087' -> ЕСТЬ в БД, расход_7д=0.0
2026-04-15 17:30:16 [INFO] ✓ Строка 63: ID='8035089849' -> ЕСТЬ в БД, расход_7д=0.0
2026-04-15 17:30:16 [INFO] ✓ Строка 64: ID='8035897954' -> ЕСТЬ в БД, расход_7д=0.0
2026-04-15 17:30:16 [INFO] ✓ Строка 65: ID='8035883554' -> ЕСТЬ в БД, расход_7д=0.0
2026-04-15 17:30:16 [INFO] ✓ Строка 66: ID='8034918282' -> ЕСТЬ в БД, расход_7д=0.0
2026-04-15 17:30:16 [INFO] ✓ Строка 67: ID='8035681543' -> ЕСТЬ в БД, расход_7д=0.0
2026-04-15 17:30:16 [INFO] ✓ Строка 68: ID='8035022570' -> ЕСТЬ в БД, расход_7д=0.0
2026-04-15 17:30:16 [INFO] ✓ Строка 69: ID='8035709639' -> ЕСТЬ в БД, расход_7д=0.0
2026-04-15 17:30:16 [INFO] ✓ Строка 70: ID='8035050701' -> ЕСТЬ в БД, расход_7д=0.0
2026-04-15 17:30:16 [INFO] ✓ Строка 71: ID='8035078138' -> ЕСТЬ в БД, расход_7д=0.0
2026-04-15 17:30:16 [INFO] ✓ Строка 72: ID='8035817827' -> ЕСТЬ в БД, расход_7д=0.0
2026-04-15 17:30:16 [INFO] ✓ Строка 73: ID='8035248432' -> ЕСТЬ в БД, расход_7д=0.0
2026-04-15 17:30:16 [INFO] ✓ Строка 76: ID='8035685552' -> ЕСТЬ в БД, расход_7д=0.0
2026-04-15 17:30:16 [INFO] ✓ Строка 77: ID='8035818055' -> ЕСТЬ в БД, расход_7д=0.0
2026-04-15 17:30:16 [INFO] ✓ Строка 78: ID='8034932894' -> ЕСТЬ в БД, расход_7д=0.0
2026-04-15 17:30:16 [INFO] ✓ Строка 79: ID='8035401521' -> ЕСТЬ в БД, расход_7д=0.0
2026-04-15 17:30:16 [INFO] ✓ Строка 80: ID='8035389776' -> ЕСТЬ в БД, расход_7д=0.0
2026-04-15 17:30:16 [INFO] ✓ Строка 81: ID='8035781308' -> ЕСТЬ в БД, расход_7д=0.0
2026-04-15 17:30:16 [INFO] ✓ Строка 82: ID='8035483591' -> ЕСТЬ в БД, расход_7д=0.0
2026-04-15 17:30:16 [INFO] ✓ Строка 83: ID='8035464479' -> ЕСТЬ в БД, расход_7д=0.0
2026-04-15 17:30:16 [INFO] ✓ Строка 84: ID='8035761187' -> ЕСТЬ в БД, расход_7д=0.0
2026-04-15 17:30:16 [INFO] ✓ Строка 85: ID='8034970454' -> ЕСТЬ в БД, расход_7д=0.0
2026-04-15 17:30:16 [INFO] ✓ Строка 86: ID='8035869676' -> ЕСТЬ в БД, расход_7д=0.0
2026-04-15 17:30:16 [INFO] ✓ Строка 87: ID='8035590864' -> ЕСТЬ в БД, расход_7д=0.0
2026-04-15 17:30:16 [INFO] ✓ Строка 88: ID='8035071144' -> ЕСТЬ в БД, расход_7д=0.0
2026-04-15 17:30:16 [INFO] ✓ Строка 89: ID='8035753842' -> ЕСТЬ в БД, расход_7д=0.0
2026-04-15 17:30:16 [INFO] ✓ Строка 90: ID='8035746701' -> ЕСТЬ в БД, расход_7д=0.0
2026-04-15 17:30:16 [INFO] ✓ Строка 91: ID='8035537516' -> ЕСТЬ в БД, расход_7д=0.0
2026-04-15 17:30:16 [INFO] ✓ Строка 92: ID='8035882698' -> ЕСТЬ в БД, расход_7д=0.0
2026-04-15 17:30:16 [INFO] ✓ Строка 93: ID='8035854347' -> ЕСТЬ в БД, расход_7д=0.0
2026-04-15 17:30:16 [INFO] ✓ Строка 94: ID='8035272396' -> ЕСТЬ в БД, расход_7д=0.0
2026-04-15 17:30:16 [INFO] ✓ Строка 95: ID='8035159732' -> ЕСТЬ в БД, расход_7д=0.0
2026-04-15 17:30:16 [INFO] ✓ Строка 96: ID='8035070573' -> ЕСТЬ в БД, расход_7д=0.0
2026-04-15 17:30:16 [INFO] ✓ Строка 97: ID='8035835216' -> ЕСТЬ в БД, расход_7д=0.0
2026-04-15 17:30:16 [INFO] ✓ Строка 98: ID='8034992569' -> ЕСТЬ в БД, расход_7д=0.0
2026-04-15 17:30:16 [INFO] ✓ Строка 99: ID='8035424327' -> ЕСТЬ в БД, расход_7д=0.0
2026-04-15 17:30:16 [INFO] ✓ Строка 100: ID='8035636375' -> ЕСТЬ в БД, расход_7д=0.0
2026-04-15 17:30:16 [INFO] ✓ Строка 101: ID='8035577695' -> ЕСТЬ в БД, расход_7д=0.0
2026-04-15 17:30:16 [INFO] ✓ Строка 102: ID='8035167291' -> ЕСТЬ в БД, расход_7д=0.0
2026-04-15 17:30:16 [INFO] ✓ Строка 103: ID='8035670909' -> ЕСТЬ в БД, расход_7д=0.0
2026-04-15 17:30:16 [INFO] ✓ Строка 104: ID='8035326563' -> ЕСТЬ в БД, расход_7д=0.0
2026-04-15 17:30:16 [INFO] ✓ Строка 105: ID='8035044115' -> ЕСТЬ в БД, расход_7д=0.0
2026-04-15 17:30:16 [INFO] ✓ Строка 106: ID='8035768405' -> ЕСТЬ в БД, расход_7д=0.0
2026-04-15 17:30:16 [INFO] ✓ Строка 107: ID='8035730362' -> ЕСТЬ в БД, расход_7д=0.0
2026-04-15 17:30:16 [INFO] ✓ Строка 108: ID='8035092199' -> ЕСТЬ в БД, расход_7д=0.0
2026-04-15 17:30:16 [INFO] ✓ Строка 109: ID='8035457346' -> ЕСТЬ в БД, расход_7д=0.0
2026-04-15 17:30:16 [INFO] ✓ Строка 110: ID='8035690547' -> ЕСТЬ в БД, расход_7д=0.0
2026-04-15 17:30:16 [INFO] ✓ Строка 111: ID='8034946889' -> ЕСТЬ в БД, расход_7д=0.0
2026-04-15 17:30:16 [INFO] ✓ Строка 112: ID='8035040986' -> ЕСТЬ в БД, расход_7д=0.0
2026-04-15 17:30:16 [INFO] ✓ Строка 113: ID='8035208130' -> ЕСТЬ в БД, расход_7д=0.0
2026-04-15 17:30:16 [INFO] ✓ Строка 114: ID='8035232285' -> ЕСТЬ в БД, расход_7д=0.0
2026-04-15 17:30:16 [INFO] ✓ Строка 115: ID='8035329037' -> ЕСТЬ в БД, расход_7д=0.0
2026-04-15 17:30:16 [INFO] ✓ Строка 116: ID='8035771098' -> ЕСТЬ в БД, расход_7д=0.0
2026-04-15 17:30:16 [INFO] ✓ Строка 117: ID='8035166726' -> ЕСТЬ в БД, расход_7д=0.0
2026-04-15 17:30:16 [INFO] ✓ Строка 118: ID='8035806891' -> ЕСТЬ в БД, расход_7д=0.0
2026-04-15 17:30:16 [INFO] ✓ Строка 119: ID='8035276983' -> ЕСТЬ в БД, расход_7д=0.0
2026-04-15 17:30:16 [INFO] ✓ Строка 120: ID='8035334702' -> ЕСТЬ в БД, расход_7д=0.0
2026-04-15 17:30:16 [INFO] ✓ Строка 121: ID='8035257131' -> ЕСТЬ в БД, расход_7д=0.0
2026-04-15 17:30:16 [INFO] ✓ Строка 122: ID='8035275940' -> ЕСТЬ в БД, расход_7д=0.0
2026-04-15 17:30:16 [INFO] ✓ Строка 123: ID='8035269543' -> ЕСТЬ в БД, расход_7д=0.0
2026-04-15 17:30:16 [INFO] ✓ Строка 124: ID='8035361466' -> ЕСТЬ в БД, расход_7д=0.0
2026-04-15 17:30:16 [INFO] ✓ Строка 125: ID='8035519819' -> ЕСТЬ в БД, расход_7д=0.0
2026-04-15 17:30:16 [INFO] ✓ Строка 126: ID='8003143707' -> ЕСТЬ в БД, расход_7д=334.0
2026-04-15 17:30:16 [INFO] ✓ Строка 127: ID='7938931585' -> ЕСТЬ в БД, расход_7д=0.0
2026-04-15 17:30:16 [INFO] Примеры ID из БД (первые 10): ['7811815861', '7843085197', '7938931585', '8003143707', '8034916271', '8034933626', '8034957187', '8034969748', '8034979055', '8034984713']
2026-04-15 17:30:16 [INFO] =====================================
2026-04-15 17:30:16 [INFO] Запись: с данными=124, нулями=0, ячеек=1488
2026-04-15 17:30:17 [INFO]   Записано 500 / 1488
2026-04-15 17:30:18 [INFO]   Записано 1000 / 1488
2026-04-15 17:30:19 [INFO]   Записано 1488 / 1488
2026-04-15 17:30:19 [INFO] ГОТОВО | coffee | 124 строк
2026-04-15 17:30:30 [WARNING] build_stats coffee уже запущен (pid=16050)
2026-04-15 17:30:30 [INFO] ==================================================
2026-04-15 17:30:30 [INFO] СТАРТ | export_stats | coffee
/var/www/mnogunik.ru/mng/.venv/lib/python3.8/site-packages/google/auth/__init__.py:52: FutureWarning: You are using a Python version 3.8 past its end of life. Google will update google-auth with critical bug fixes on a best-effort basis, but not with any other fixes or features. Please upgrade your Python version, and then update google-auth.
  warnings.warn(eol_message.format("3.8"), FutureWarning)
/var/www/mnogunik.ru/mng/.venv/lib/python3.8/site-packages/google/oauth2/__init__.py:38: FutureWarning: You are using a Python version 3.8 past its end of life. Google will update google-auth with critical bug fixes on a best-effort basis, but not with any other fixes or features. Please upgrade your Python version, and then update google-auth.
  warnings.warn(eol_message.format("3.8"), FutureWarning)
2026-04-15 17:30:43 [INFO] Открыт лист 'baza_c' (id=121665332)
2026-04-15 17:30:46 [INFO] Строк в листе: 126
2026-04-15 17:30:46 [INFO] AvitoId в листе: валидных=124, битых=0
2026-04-15 17:30:46 [INFO] Аналитика в БД: 126
2026-04-15 17:30:46 [INFO] Совпало: 124 | только в листе: 0
2026-04-15 17:30:46 [INFO] === ДИАГНОСТИКА ID (первые 20 строк) ===
2026-04-15 17:30:46 [INFO] ✓ Строка 2: ID='7811815861' -> ЕСТЬ в БД, расход_7д=350.0
2026-04-15 17:30:46 [INFO] ✓ Строка 3: ID='8035421536' -> ЕСТЬ в БД, расход_7д=0.0
2026-04-15 17:30:46 [INFO] ✓ Строка 4: ID='8035200292' -> ЕСТЬ в БД, расход_7д=0.0
2026-04-15 17:30:46 [INFO] ✓ Строка 5: ID='8034979055' -> ЕСТЬ в БД, расход_7д=0.0
2026-04-15 17:30:46 [INFO] ✓ Строка 6: ID='8034933626' -> ЕСТЬ в БД, расход_7д=0.0
2026-04-15 17:30:46 [INFO] ✓ Строка 7: ID='8034969748' -> ЕСТЬ в БД, расход_7д=0.0
2026-04-15 17:30:46 [INFO] ✓ Строка 8: ID='8035169034' -> ЕСТЬ в БД, расход_7д=0.0
2026-04-15 17:30:46 [INFO] ✓ Строка 9: ID='8035130375' -> ЕСТЬ в БД, расход_7д=0.0
2026-04-15 17:30:46 [INFO] ✓ Строка 10: ID='8035741310' -> ЕСТЬ в БД, расход_7д=0.0
2026-04-15 17:30:46 [INFO] ✓ Строка 11: ID='8035887716' -> ЕСТЬ в БД, расход_7д=0.0
2026-04-15 17:30:46 [INFO] ✓ Строка 12: ID='8035242025' -> ЕСТЬ в БД, расход_7д=0.0
2026-04-15 17:30:46 [INFO] ✓ Строка 13: ID='8035101673' -> ЕСТЬ в БД, расход_7д=0.0
2026-04-15 17:30:46 [INFO] ✓ Строка 14: ID='8034984713' -> ЕСТЬ в БД, расход_7д=17.7
2026-04-15 17:30:46 [INFO] ✓ Строка 15: ID='8035691700' -> ЕСТЬ в БД, расход_7д=0.0
2026-04-15 17:30:46 [INFO] ✓ Строка 16: ID='8035148919' -> ЕСТЬ в БД, расход_7д=0.0
2026-04-15 17:30:46 [INFO] ✓ Строка 17: ID='8035114736' -> ЕСТЬ в БД, расход_7д=0.0
2026-04-15 17:30:46 [INFO] ✓ Строка 18: ID='8034957187' -> ЕСТЬ в БД, расход_7д=0.0
2026-04-15 17:30:46 [INFO] ✓ Строка 19: ID='8035369188' -> ЕСТЬ в БД, расход_7д=0.0
2026-04-15 17:30:46 [INFO] ✓ Строка 20: ID='8034993818' -> ЕСТЬ в БД, расход_7д=17.7
2026-04-15 17:30:46 [INFO] ✓ Строка 21: ID='8035605379' -> ЕСТЬ в БД, расход_7д=0.0
2026-04-15 17:30:46 [INFO] ✓ Строка 22: ID='8035400442' -> ЕСТЬ в БД, расход_7д=0.0
2026-04-15 17:30:46 [INFO] ✓ Строка 23: ID='8035859372' -> ЕСТЬ в БД, расход_7д=0.0
2026-04-15 17:30:46 [INFO] ✓ Строка 24: ID='8035698786' -> ЕСТЬ в БД, расход_7д=0.0
2026-04-15 17:30:46 [INFO] ✓ Строка 25: ID='8035139496' -> ЕСТЬ в БД, расход_7д=0.0
2026-04-15 17:30:46 [INFO] ✓ Строка 26: ID='8035043874' -> ЕСТЬ в БД, расход_7д=0.0
2026-04-15 17:30:46 [INFO] ✓ Строка 27: ID='8034977708' -> ЕСТЬ в БД, расход_7д=0.0
2026-04-15 17:30:46 [INFO] ✓ Строка 28: ID='8035057407' -> ЕСТЬ в БД, расход_7д=0.0
2026-04-15 17:30:46 [INFO] ✓ Строка 29: ID='8035848846' -> ЕСТЬ в БД, расход_7д=0.0
2026-04-15 17:30:46 [INFO] ✓ Строка 30: ID='8035261433' -> ЕСТЬ в БД, расход_7д=0.0
2026-04-15 17:30:46 [INFO] ✓ Строка 31: ID='8035071477' -> ЕСТЬ в БД, расход_7д=0.0
2026-04-15 17:30:46 [INFO] ✓ Строка 32: ID='8035216048' -> ЕСТЬ в БД, расход_7д=0.0
2026-04-15 17:30:46 [INFO] ✓ Строка 33: ID='8035271871' -> ЕСТЬ в БД, расход_7д=0.0
2026-04-15 17:30:46 [INFO] ✓ Строка 34: ID='8035594859' -> ЕСТЬ в БД, расход_7д=0.0
2026-04-15 17:30:46 [INFO] ✓ Строка 35: ID='8035215343' -> ЕСТЬ в БД, расход_7д=0.0
2026-04-15 17:30:46 [INFO] ✓ Строка 36: ID='8035446433' -> ЕСТЬ в БД, расход_7д=0.0
2026-04-15 17:30:46 [INFO] ✓ Строка 37: ID='8035267737' -> ЕСТЬ в БД, расход_7д=0.0
2026-04-15 17:30:46 [INFO] ✓ Строка 38: ID='8035067892' -> ЕСТЬ в БД, расход_7д=0.0
2026-04-15 17:30:46 [INFO] ✓ Строка 39: ID='8034989645' -> ЕСТЬ в БД, расход_7д=0.0
2026-04-15 17:30:46 [INFO] ✓ Строка 40: ID='8035190202' -> ЕСТЬ в БД, расход_7д=0.0
2026-04-15 17:30:46 [INFO] ✓ Строка 41: ID='8035635989' -> ЕСТЬ в БД, расход_7д=0.0
2026-04-15 17:30:46 [INFO] ✓ Строка 42: ID='8035736535' -> ЕСТЬ в БД, расход_7д=0.0
2026-04-15 17:30:46 [INFO] ✓ Строка 43: ID='8034982141' -> ЕСТЬ в БД, расход_7д=0.0
2026-04-15 17:30:46 [INFO] ✓ Строка 44: ID='8035401189' -> ЕСТЬ в БД, расход_7д=0.0
2026-04-15 17:30:46 [INFO] ✓ Строка 45: ID='8035281695' -> ЕСТЬ в БД, расход_7д=0.0
2026-04-15 17:30:46 [INFO] ✓ Строка 46: ID='8035785907' -> ЕСТЬ в БД, расход_7д=0.0
2026-04-15 17:30:46 [INFO] ✓ Строка 47: ID='8035654911' -> ЕСТЬ в БД, расход_7д=0.0
2026-04-15 17:30:46 [INFO] ✓ Строка 48: ID='8035247752' -> ЕСТЬ в БД, расход_7д=0.0
2026-04-15 17:30:46 [INFO] ✓ Строка 49: ID='8035450770' -> ЕСТЬ в БД, расход_7д=0.0
2026-04-15 17:30:46 [INFO] ✓ Строка 50: ID='8035575536' -> ЕСТЬ в БД, расход_7д=0.0
2026-04-15 17:30:46 [INFO] ✓ Строка 51: ID='8035640869' -> ЕСТЬ в БД, расход_7д=0.0
2026-04-15 17:30:46 [INFO] ✓ Строка 52: ID='8035518607' -> ЕСТЬ в БД, расход_7д=0.0
2026-04-15 17:30:46 [INFO] ✓ Строка 53: ID='8035369379' -> ЕСТЬ в БД, расход_7д=0.0
2026-04-15 17:30:46 [INFO] ✓ Строка 54: ID='8035288479' -> ЕСТЬ в БД, расход_7д=0.0
2026-04-15 17:30:46 [INFO] ✓ Строка 55: ID='8034981764' -> ЕСТЬ в БД, расход_7д=0.0
2026-04-15 17:30:46 [INFO] ✓ Строка 56: ID='8035803137' -> ЕСТЬ в БД, расход_7д=0.0
2026-04-15 17:30:46 [INFO] ✓ Строка 57: ID='8035557296' -> ЕСТЬ в БД, расход_7д=0.0
2026-04-15 17:30:46 [INFO] ✓ Строка 58: ID='8035452535' -> ЕСТЬ в БД, расход_7д=0.0
2026-04-15 17:30:46 [INFO] ✓ Строка 59: ID='8035572832' -> ЕСТЬ в БД, расход_7д=0.0
2026-04-15 17:30:46 [INFO] ✓ Строка 60: ID='8035839058' -> ЕСТЬ в БД, расход_7д=0.0
2026-04-15 17:30:46 [INFO] ✓ Строка 61: ID='8035879483' -> ЕСТЬ в БД, расход_7д=0.0
2026-04-15 17:30:46 [INFO] ✓ Строка 62: ID='8035200087' -> ЕСТЬ в БД, расход_7д=0.0
2026-04-15 17:30:46 [INFO] ✓ Строка 63: ID='8035089849' -> ЕСТЬ в БД, расход_7д=0.0
2026-04-15 17:30:46 [INFO] ✓ Строка 64: ID='8035897954' -> ЕСТЬ в БД, расход_7д=0.0
2026-04-15 17:30:46 [INFO] ✓ Строка 65: ID='8035883554' -> ЕСТЬ в БД, расход_7д=0.0
2026-04-15 17:30:46 [INFO] ✓ Строка 66: ID='8034918282' -> ЕСТЬ в БД, расход_7д=0.0
2026-04-15 17:30:46 [INFO] ✓ Строка 67: ID='8035681543' -> ЕСТЬ в БД, расход_7д=0.0
2026-04-15 17:30:46 [INFO] ✓ Строка 68: ID='8035022570' -> ЕСТЬ в БД, расход_7д=0.0
2026-04-15 17:30:46 [INFO] ✓ Строка 69: ID='8035709639' -> ЕСТЬ в БД, расход_7д=0.0
2026-04-15 17:30:46 [INFO] ✓ Строка 70: ID='8035050701' -> ЕСТЬ в БД, расход_7д=0.0
2026-04-15 17:30:46 [INFO] ✓ Строка 71: ID='8035078138' -> ЕСТЬ в БД, расход_7д=0.0
2026-04-15 17:30:46 [INFO] ✓ Строка 72: ID='8035817827' -> ЕСТЬ в БД, расход_7д=0.0
2026-04-15 17:30:46 [INFO] ✓ Строка 73: ID='8035248432' -> ЕСТЬ в БД, расход_7д=0.0
2026-04-15 17:30:46 [INFO] ✓ Строка 76: ID='8035685552' -> ЕСТЬ в БД, расход_7д=0.0
2026-04-15 17:30:46 [INFO] ✓ Строка 77: ID='8035818055' -> ЕСТЬ в БД, расход_7д=0.0
2026-04-15 17:30:46 [INFO] ✓ Строка 78: ID='8034932894' -> ЕСТЬ в БД, расход_7д=0.0
2026-04-15 17:30:46 [INFO] ✓ Строка 79: ID='8035401521' -> ЕСТЬ в БД, расход_7д=0.0
2026-04-15 17:30:46 [INFO] ✓ Строка 80: ID='8035389776' -> ЕСТЬ в БД, расход_7д=0.0
2026-04-15 17:30:46 [INFO] ✓ Строка 81: ID='8035781308' -> ЕСТЬ в БД, расход_7д=0.0
2026-04-15 17:30:46 [INFO] ✓ Строка 82: ID='8035483591' -> ЕСТЬ в БД, расход_7д=0.0
2026-04-15 17:30:46 [INFO] ✓ Строка 83: ID='8035464479' -> ЕСТЬ в БД, расход_7д=0.0
2026-04-15 17:30:46 [INFO] ✓ Строка 84: ID='8035761187' -> ЕСТЬ в БД, расход_7д=0.0
2026-04-15 17:30:46 [INFO] ✓ Строка 85: ID='8034970454' -> ЕСТЬ в БД, расход_7д=0.0
2026-04-15 17:30:46 [INFO] ✓ Строка 86: ID='8035869676' -> ЕСТЬ в БД, расход_7д=0.0
2026-04-15 17:30:46 [INFO] ✓ Строка 87: ID='8035590864' -> ЕСТЬ в БД, расход_7д=0.0
2026-04-15 17:30:46 [INFO] ✓ Строка 88: ID='8035071144' -> ЕСТЬ в БД, расход_7д=0.0
2026-04-15 17:30:46 [INFO] ✓ Строка 89: ID='8035753842' -> ЕСТЬ в БД, расход_7д=0.0
2026-04-15 17:30:46 [INFO] ✓ Строка 90: ID='8035746701' -> ЕСТЬ в БД, расход_7д=0.0
2026-04-15 17:30:46 [INFO] ✓ Строка 91: ID='8035537516' -> ЕСТЬ в БД, расход_7д=0.0
2026-04-15 17:30:46 [INFO] ✓ Строка 92: ID='8035882698' -> ЕСТЬ в БД, расход_7д=0.0
2026-04-15 17:30:46 [INFO] ✓ Строка 93: ID='8035854347' -> ЕСТЬ в БД, расход_7д=0.0
2026-04-15 17:30:46 [INFO] ✓ Строка 94: ID='8035272396' -> ЕСТЬ в БД, расход_7д=0.0
2026-04-15 17:30:46 [INFO] ✓ Строка 95: ID='8035159732' -> ЕСТЬ в БД, расход_7д=0.0
2026-04-15 17:30:46 [INFO] ✓ Строка 96: ID='8035070573' -> ЕСТЬ в БД, расход_7д=0.0
2026-04-15 17:30:46 [INFO] ✓ Строка 97: ID='8035835216' -> ЕСТЬ в БД, расход_7д=0.0
2026-04-15 17:30:46 [INFO] ✓ Строка 98: ID='8034992569' -> ЕСТЬ в БД, расход_7д=0.0
2026-04-15 17:30:46 [INFO] ✓ Строка 99: ID='8035424327' -> ЕСТЬ в БД, расход_7д=0.0
2026-04-15 17:30:46 [INFO] ✓ Строка 100: ID='8035636375' -> ЕСТЬ в БД, расход_7д=0.0
2026-04-15 17:30:46 [INFO] ✓ Строка 101: ID='8035577695' -> ЕСТЬ в БД, расход_7д=0.0
2026-04-15 17:30:46 [INFO] ✓ Строка 102: ID='8035167291' -> ЕСТЬ в БД, расход_7д=0.0
2026-04-15 17:30:46 [INFO] ✓ Строка 103: ID='8035670909' -> ЕСТЬ в БД, расход_7д=0.0
2026-04-15 17:30:46 [INFO] ✓ Строка 104: ID='8035326563' -> ЕСТЬ в БД, расход_7д=0.0
2026-04-15 17:30:46 [INFO] ✓ Строка 105: ID='8035044115' -> ЕСТЬ в БД, расход_7д=0.0
2026-04-15 17:30:46 [INFO] ✓ Строка 106: ID='8035768405' -> ЕСТЬ в БД, расход_7д=0.0
2026-04-15 17:30:46 [INFO] ✓ Строка 107: ID='8035730362' -> ЕСТЬ в БД, расход_7д=0.0
2026-04-15 17:30:46 [INFO] ✓ Строка 108: ID='8035092199' -> ЕСТЬ в БД, расход_7д=0.0
2026-04-15 17:30:46 [INFO] ✓ Строка 109: ID='8035457346' -> ЕСТЬ в БД, расход_7д=0.0
2026-04-15 17:30:46 [INFO] ✓ Строка 110: ID='8035690547' -> ЕСТЬ в БД, расход_7д=0.0
2026-04-15 17:30:46 [INFO] ✓ Строка 111: ID='8034946889' -> ЕСТЬ в БД, расход_7д=0.0
2026-04-15 17:30:46 [INFO] ✓ Строка 112: ID='8035040986' -> ЕСТЬ в БД, расход_7д=0.0
2026-04-15 17:30:46 [INFO] ✓ Строка 113: ID='8035208130' -> ЕСТЬ в БД, расход_7д=0.0
2026-04-15 17:30:46 [INFO] ✓ Строка 114: ID='8035232285' -> ЕСТЬ в БД, расход_7д=0.0
2026-04-15 17:30:46 [INFO] ✓ Строка 115: ID='8035329037' -> ЕСТЬ в БД, расход_7д=0.0
2026-04-15 17:30:46 [INFO] ✓ Строка 116: ID='8035771098' -> ЕСТЬ в БД, расход_7д=0.0
2026-04-15 17:30:46 [INFO] ✓ Строка 117: ID='8035166726' -> ЕСТЬ в БД, расход_7д=0.0
2026-04-15 17:30:46 [INFO] ✓ Строка 118: ID='8035806891' -> ЕСТЬ в БД, расход_7д=0.0
2026-04-15 17:30:46 [INFO] ✓ Строка 119: ID='8035276983' -> ЕСТЬ в БД, расход_7д=0.0
2026-04-15 17:30:46 [INFO] ✓ Строка 120: ID='8035334702' -> ЕСТЬ в БД, расход_7д=0.0
2026-04-15 17:30:46 [INFO] ✓ Строка 121: ID='8035257131' -> ЕСТЬ в БД, расход_7д=0.0
2026-04-15 17:30:46 [INFO] ✓ Строка 122: ID='8035275940' -> ЕСТЬ в БД, расход_7д=0.0
2026-04-15 17:30:46 [INFO] ✓ Строка 123: ID='8035269543' -> ЕСТЬ в БД, расход_7д=0.0
2026-04-15 17:30:46 [INFO] ✓ Строка 124: ID='8035361466' -> ЕСТЬ в БД, расход_7д=0.0
2026-04-15 17:30:46 [INFO] ✓ Строка 125: ID='8035519819' -> ЕСТЬ в БД, расход_7д=0.0
2026-04-15 17:30:46 [INFO] ✓ Строка 126: ID='8003143707' -> ЕСТЬ в БД, расход_7д=334.0
2026-04-15 17:30:46 [INFO] ✓ Строка 127: ID='7938931585' -> ЕСТЬ в БД, расход_7д=0.0
2026-04-15 17:30:46 [INFO] Примеры ID из БД (первые 10): ['7811815861', '7843085197', '7938931585', '8003143707', '8034916271', '8034933626', '8034957187', '8034969748', '8034979055', '8034984713']
2026-04-15 17:30:46 [INFO] =====================================
2026-04-15 17:30:46 [INFO] Запись: с данными=124, нулями=0, ячеек=1488
2026-04-15 17:30:47 [INFO]   Записано 500 / 1488
2026-04-15 17:30:49 [INFO]   Записано 1000 / 1488
2026-04-15 17:30:50 [INFO]   Записано 1488 / 1488
2026-04-15 17:30:50 [INFO] ГОТОВО | coffee | 124 строк
