2026-04-14 15:00:09 [INFO] ==================================================
2026-04-14 15:00:09 [INFO] ==================================================
2026-04-14 15:00:09 [INFO] СТАРТ | download | coffee | pid=19127
2026-04-14 15:00:09 [INFO] СТАРТ | download | coffee | pid=19127
2026-04-14 15:00:09 [INFO] ==================================================
2026-04-14 15:00:09 [INFO] ==================================================
2026-04-14 15:00:09 [INFO] Токен Авито получен
2026-04-14 15:00:09 [INFO] Токен Авито получен
2026-04-14 15:00:09 [INFO] Последняя дата в БД: 2026-04-14, перезапись 5 дн с 2026-04-10
2026-04-14 15:00:09 [INFO] Последняя дата в БД: 2026-04-14, перезапись 5 дн с 2026-04-10
2026-04-14 15:00:09 [INFO] [1/5] 2026-04-10
2026-04-14 15:00:09 [INFO] [1/5] 2026-04-10
2026-04-14 15:00:10 [INFO]   Объявлений с активностью: 83
2026-04-14 15:00:10 [INFO]   Объявлений с активностью: 83
2026-04-14 15:00:10 [INFO]   -> 83 объявл | 769.60 руб
2026-04-14 15:00:10 [INFO]   -> 83 объявл | 769.60 руб
2026-04-14 15:01:15 [INFO] [2/5] 2026-04-11
2026-04-14 15:01:15 [INFO] [2/5] 2026-04-11
2026-04-14 15:01:15 [INFO]   Объявлений с активностью: 69
2026-04-14 15:01:15 [INFO]   Объявлений с активностью: 69
2026-04-14 15:01:15 [INFO]   -> 69 объявл | 398.40 руб
2026-04-14 15:01:15 [INFO]   -> 69 объявл | 398.40 руб
2026-04-14 15:02:20 [INFO] [3/5] 2026-04-12
2026-04-14 15:02:20 [INFO] [3/5] 2026-04-12
2026-04-14 15:02:21 [INFO]   Объявлений с активностью: 77
2026-04-14 15:02:21 [INFO]   Объявлений с активностью: 77
2026-04-14 15:02:21 [INFO]   -> 77 объявл | 704.80 руб
2026-04-14 15:02:21 [INFO]   -> 77 объявл | 704.80 руб
2026-04-14 15:03:26 [INFO] [4/5] 2026-04-13
2026-04-14 15:03:26 [INFO] [4/5] 2026-04-13
2026-04-14 15:03:26 [INFO]   Объявлений с активностью: 71
2026-04-14 15:03:26 [INFO]   Объявлений с активностью: 71
2026-04-14 15:03:26 [INFO]   -> 71 объявл | 437.80 руб
2026-04-14 15:03:26 [INFO]   -> 71 объявл | 437.80 руб
2026-04-14 15:04:31 [INFO] [5/5] 2026-04-14
2026-04-14 15:04:31 [INFO] [5/5] 2026-04-14
2026-04-14 15:04:31 [INFO]   Объявлений с активностью: 61
2026-04-14 15:04:31 [INFO]   Объявлений с активностью: 61
2026-04-14 15:04:31 [INFO]   -> 61 объявл | 409.20 руб
2026-04-14 15:04:31 [INFO]   -> 61 объявл | 409.20 руб
2026-04-14 15:04:31 [INFO] ГОТОВО | coffee | строк: 361 | 2719.80 руб
2026-04-14 15:04:31 [INFO] ГОТОВО | coffee | строк: 361 | 2719.80 руб
