2026-04-14 14:56:55 [INFO] ==================================================
2026-04-14 14:56:55 [INFO] ==================================================
2026-04-14 14:56:55 [INFO] СТАРТ | download | pss | pid=19060
2026-04-14 14:56:55 [INFO] СТАРТ | download | pss | pid=19060
2026-04-14 14:56:55 [INFO] ==================================================
2026-04-14 14:56:55 [INFO] ==================================================
2026-04-14 14:56:55 [INFO] Токен Авито получен
2026-04-14 14:56:55 [INFO] Токен Авито получен
2026-04-14 14:56:55 [INFO] Последняя дата в БД: 2026-04-09, перезапись 5 дн с 2026-04-05
2026-04-14 14:56:55 [INFO] Последняя дата в БД: 2026-04-09, перезапись 5 дн с 2026-04-05
2026-04-14 14:56:55 [INFO] [1/10] 2026-04-05
2026-04-14 14:56:55 [INFO] [1/10] 2026-04-05
2026-04-14 14:56:55 [INFO]   Объявлений с активностью: 35
2026-04-14 14:56:55 [INFO]   Объявлений с активностью: 35
2026-04-14 14:56:55 [INFO]   -> 35 объявл | 29.70 руб
2026-04-14 14:56:55 [INFO]   -> 35 объявл | 29.70 руб
2026-04-14 14:58:00 [INFO] [2/10] 2026-04-06
2026-04-14 14:58:00 [INFO] [2/10] 2026-04-06
2026-04-14 14:58:01 [INFO]   Объявлений с активностью: 80
2026-04-14 14:58:01 [INFO]   Объявлений с активностью: 80
2026-04-14 14:58:01 [INFO]   -> 80 объявл | 35.20 руб
2026-04-14 14:58:01 [INFO]   -> 80 объявл | 35.20 руб
2026-04-14 14:59:06 [INFO] [3/10] 2026-04-07
2026-04-14 14:59:06 [INFO] [3/10] 2026-04-07
2026-04-14 14:59:06 [INFO]   Объявлений с активностью: 61
2026-04-14 14:59:06 [INFO]   Объявлений с активностью: 61
2026-04-14 14:59:06 [INFO]   -> 61 объявл | 101.80 руб
2026-04-14 14:59:06 [INFO]   -> 61 объявл | 101.80 руб
2026-04-14 15:00:11 [INFO] СТОП — сигнал из панели
2026-04-14 15:00:11 [INFO] СТОП — сигнал из панели
2026-04-14 15:00:11 [INFO] ГОТОВО | pss | строк: 176 | 166.70 руб
2026-04-14 15:00:11 [INFO] ГОТОВО | pss | строк: 176 | 166.70 руб
