2026-04-12 23:32:49 [WARNING] download svmy уже запущен (pid=191308)
2026-04-12 23:32:49 [WARNING] download svmy уже запущен (pid=191308)
2026-04-12 23:59:57 [WARNING] download svmy уже запущен (pid=191724)
2026-04-12 23:59:57 [WARNING] download svmy уже запущен (pid=191724)
2026-04-13 00:01:09 [WARNING] download svmy уже запущен (pid=536)
2026-04-13 00:01:09 [WARNING] download svmy уже запущен (pid=536)
2026-04-13 00:13:36 [WARNING] download svmy уже запущен (pid=845)
2026-04-13 00:13:36 [WARNING] download svmy уже запущен (pid=845)
2026-04-13 00:15:50 [INFO] ==================================================
2026-04-13 00:15:50 [INFO] ==================================================
2026-04-13 00:15:50 [INFO] СТАРТ | download | svmy | pid=956
2026-04-13 00:15:50 [INFO] СТАРТ | download | svmy | pid=956
2026-04-13 00:15:50 [INFO] ==================================================
2026-04-13 00:15:50 [INFO] ==================================================
Traceback (most recent call last):
  File "/var/www/mnogunik.ru/mng/scripts/download.py", line 278, in <module>
    run(args.client, args.days, rewrite_days=args.rewrite)
  File "/var/www/mnogunik.ru/mng/scripts/download.py", line 182, in run
    cfg = get_client_config(client_key)
  File "/var/www/mnogunik.ru/mng/stavmnog/config.py", line 42, in get_client_config
    raise ValueError(f"Клиент '{client_key}' не найден в clients.json")
ValueError: Клиент 'svmy' не найден в clients.json
2026-04-13 00:30:15 [INFO] ==================================================
2026-04-13 00:30:15 [INFO] ==================================================
2026-04-13 00:30:15 [INFO] СТАРТ | download | svmy | pid=1110
2026-04-13 00:30:15 [INFO] СТАРТ | download | svmy | pid=1110
2026-04-13 00:30:15 [INFO] ==================================================
2026-04-13 00:30:15 [INFO] ==================================================
Traceback (most recent call last):
  File "/var/www/mnogunik.ru/mng/scripts/download.py", line 278, in <module>
    run(args.client, args.days, rewrite_days=args.rewrite)
  File "/var/www/mnogunik.ru/mng/scripts/download.py", line 187, in run
    conn = sqlite3.connect(DB_PATH)
sqlite3.OperationalError: unable to open database file
2026-04-13 00:34:57 [INFO] ==================================================
2026-04-13 00:34:57 [INFO] ==================================================
2026-04-13 00:34:57 [INFO] СТАРТ | download | svmy | pid=1221
2026-04-13 00:34:57 [INFO] СТАРТ | download | svmy | pid=1221
2026-04-13 00:34:57 [INFO] ==================================================
2026-04-13 00:34:57 [INFO] ==================================================
2026-04-13 00:34:58 [INFO] Токен Авито получен
2026-04-13 00:34:58 [INFO] Токен Авито получен
2026-04-13 00:34:58 [INFO] Первый запуск — качаем последние 30 дней
2026-04-13 00:34:58 [INFO] Первый запуск — качаем последние 30 дней
2026-04-13 00:34:58 [INFO] [1/30] 2026-03-15
2026-04-13 00:34:58 [INFO] [1/30] 2026-03-15
2026-04-13 00:34:58 [INFO]   -> 0 объявл | 0.00 руб
2026-04-13 00:34:58 [INFO]   -> 0 объявл | 0.00 руб
2026-04-13 00:35:00 [INFO] [2/30] 2026-03-16
2026-04-13 00:35:00 [INFO] [2/30] 2026-03-16
2026-04-13 00:35:00 [WARNING] 429 rate limit — ждём 65 сек
2026-04-13 00:35:00 [WARNING] 429 rate limit — ждём 65 сек
